/home/andersen/M30-RB_ws/src/Thesis_Workspace/install/pyflask/lib/python3.10/site-packages/pyflask/flasknoreload.py
/home/andersen/M30-RB_ws/src/Thesis_Workspace/install/pyflask/lib/python3.10/site-packages/pyflask/server.py
/home/andersen/M30-RB_ws/src/Thesis_Workspace/install/pyflask/lib/python3.10/site-packages/pyflask/__init__.py
/home/andersen/M30-RB_ws/src/Thesis_Workspace/install/pyflask/lib/python3.10/site-packages/pyflask/HDS.py
/home/andersen/M30-RB_ws/src/Thesis_Workspace/install/pyflask/lib/python3.10/site-packages/pyflask/subtester.py
/home/andersen/M30-RB_ws/src/Thesis_Workspace/install/pyflask/lib/python3.10/site-packages/pyflask/publisher.py
/home/andersen/M30-RB_ws/src/Thesis_Workspace/install/pyflask/lib/python3.10/site-packages/pyflask/cycle_dist.py
/home/andersen/M30-RB_ws/src/Thesis_Workspace/install/pyflask/lib/python3.10/site-packages/pyflask/__pycache__/flasknoreload.cpython-310.pyc
/home/andersen/M30-RB_ws/src/Thesis_Workspace/install/pyflask/lib/python3.10/site-packages/pyflask/__pycache__/server.cpython-310.pyc
/home/andersen/M30-RB_ws/src/Thesis_Workspace/install/pyflask/lib/python3.10/site-packages/pyflask/__pycache__/__init__.cpython-310.pyc
/home/andersen/M30-RB_ws/src/Thesis_Workspace/install/pyflask/lib/python3.10/site-packages/pyflask/__pycache__/HDS.cpython-310.pyc
/home/andersen/M30-RB_ws/src/Thesis_Workspace/install/pyflask/lib/python3.10/site-packages/pyflask/__pycache__/subtester.cpython-310.pyc
/home/andersen/M30-RB_ws/src/Thesis_Workspace/install/pyflask/lib/python3.10/site-packages/pyflask/__pycache__/publisher.cpython-310.pyc
/home/andersen/M30-RB_ws/src/Thesis_Workspace/install/pyflask/lib/python3.10/site-packages/pyflask/__pycache__/cycle_dist.cpython-310.pyc
/home/andersen/M30-RB_ws/src/Thesis_Workspace/install/pyflask/share/ament_index/resource_index/packages/pyflask
/home/andersen/M30-RB_ws/src/Thesis_Workspace/install/pyflask/share/pyflask/package.xml
/home/andersen/M30-RB_ws/src/Thesis_Workspace/install/pyflask/share/pyflask/templates/index.html
/home/andersen/M30-RB_ws/src/Thesis_Workspace/install/pyflask/share/pyflask/static/main.js
/home/andersen/M30-RB_ws/src/Thesis_Workspace/install/pyflask/share/pyflask/launch/my_launch_file.launch.py
/home/andersen/M30-RB_ws/src/Thesis_Workspace/install/pyflask/share/pyflask/launch/masterthesis.launch.py
/home/andersen/M30-RB_ws/src/Thesis_Workspace/install/pyflask/lib/python3.10/site-packages/pyflask-0.0.0-py3.10.egg-info/SOURCES.txt
/home/andersen/M30-RB_ws/src/Thesis_Workspace/install/pyflask/lib/python3.10/site-packages/pyflask-0.0.0-py3.10.egg-info/zip-safe
/home/andersen/M30-RB_ws/src/Thesis_Workspace/install/pyflask/lib/python3.10/site-packages/pyflask-0.0.0-py3.10.egg-info/entry_points.txt
/home/andersen/M30-RB_ws/src/Thesis_Workspace/install/pyflask/lib/python3.10/site-packages/pyflask-0.0.0-py3.10.egg-info/requires.txt
/home/andersen/M30-RB_ws/src/Thesis_Workspace/install/pyflask/lib/python3.10/site-packages/pyflask-0.0.0-py3.10.egg-info/dependency_links.txt
/home/andersen/M30-RB_ws/src/Thesis_Workspace/install/pyflask/lib/python3.10/site-packages/pyflask-0.0.0-py3.10.egg-info/top_level.txt
/home/andersen/M30-RB_ws/src/Thesis_Workspace/install/pyflask/lib/python3.10/site-packages/pyflask-0.0.0-py3.10.egg-info/PKG-INFO
/home/andersen/M30-RB_ws/src/Thesis_Workspace/install/pyflask/lib/pyflask/cycle_dist
/home/andersen/M30-RB_ws/src/Thesis_Workspace/install/pyflask/lib/pyflask/robot
/home/andersen/M30-RB_ws/src/Thesis_Workspace/install/pyflask/lib/pyflask/server
/home/andersen/M30-RB_ws/src/Thesis_Workspace/install/pyflask/lib/pyflask/subtester
/home/andersen/M30-RB_ws/src/Thesis_Workspace/install/pyflask/lib/pyflask/talker
