[4.369s] Invoking command in '/home/andersen/M30-RB_ws/src/Thesis_Workspace/srobot_publisher': PYTHONPATH=/home/andersen/M30-RB_ws/src/Thesis_Workspace/build/srobot_publisher/prefix_override:/home/andersen/M30-RB_ws/src/Thesis_Workspace/install/srobot_publisher/lib/python3.10/site-packages:${PYTHONPATH} /usr/bin/python3 -W ignore:setup.py install is deprecated setup.py egg_info --egg-base ../build/srobot_publisher build --build-base /home/andersen/M30-RB_ws/src/Thesis_Workspace/build/srobot_publisher/build install --record /home/andersen/M30-RB_ws/src/Thesis_Workspace/build/srobot_publisher/install.log --single-version-externally-managed install_data
[5.112s] running egg_info
[5.115s] writing ../build/srobot_publisher/srobot_publisher.egg-info/PKG-INFO
[5.118s] writing dependency_links to ../build/srobot_publisher/srobot_publisher.egg-info/dependency_links.txt
[5.121s] writing entry points to ../build/srobot_publisher/srobot_publisher.egg-info/entry_points.txt
[5.123s] writing requirements to ../build/srobot_publisher/srobot_publisher.egg-info/requires.txt
[5.125s] writing top-level names to ../build/srobot_publisher/srobot_publisher.egg-info/top_level.txt
[5.134s] reading manifest file '../build/srobot_publisher/srobot_publisher.egg-info/SOURCES.txt'
[5.140s] writing manifest file '../build/srobot_publisher/srobot_publisher.egg-info/SOURCES.txt'
[5.144s] running build
[5.145s] running build_py
[5.148s] copying srobot_publisher/publisher_node.py -> /home/andersen/M30-RB_ws/src/Thesis_Workspace/build/srobot_publisher/build/lib/srobot_publisher
[5.153s] running install
[5.154s] running install_lib
[5.158s] copying /home/andersen/M30-RB_ws/src/Thesis_Workspace/build/srobot_publisher/build/lib/srobot_publisher/publisher_node.py -> /home/andersen/M30-RB_ws/src/Thesis_Workspace/install/srobot_publisher/lib/python3.10/site-packages/srobot_publisher
[5.166s] byte-compiling /home/andersen/M30-RB_ws/src/Thesis_Workspace/install/srobot_publisher/lib/python3.10/site-packages/srobot_publisher/publisher_node.py to publisher_node.cpython-310.pyc
[5.169s] running install_data
[5.169s] running install_egg_info
[5.175s] removing '/home/andersen/M30-RB_ws/src/Thesis_Workspace/install/srobot_publisher/lib/python3.10/site-packages/srobot_publisher-0.0.0-py3.10.egg-info' (and everything under it)
[5.182s] Copying ../build/srobot_publisher/srobot_publisher.egg-info to /home/andersen/M30-RB_ws/src/Thesis_Workspace/install/srobot_publisher/lib/python3.10/site-packages/srobot_publisher-0.0.0-py3.10.egg-info
[5.184s] running install_scripts
[5.236s] Installing publisher script to /home/andersen/M30-RB_ws/src/Thesis_Workspace/install/srobot_publisher/lib/srobot_publisher
[5.237s] writing list of installed files to '/home/andersen/M30-RB_ws/src/Thesis_Workspace/build/srobot_publisher/install.log'
[5.338s] Invoked command in '/home/andersen/M30-RB_ws/src/Thesis_Workspace/srobot_publisher' returned '0': PYTHONPATH=/home/andersen/M30-RB_ws/src/Thesis_Workspace/build/srobot_publisher/prefix_override:/home/andersen/M30-RB_ws/src/Thesis_Workspace/install/srobot_publisher/lib/python3.10/site-packages:${PYTHONPATH} /usr/bin/python3 -W ignore:setup.py install is deprecated setup.py egg_info --egg-base ../build/srobot_publisher build --build-base /home/andersen/M30-RB_ws/src/Thesis_Workspace/build/srobot_publisher/build install --record /home/andersen/M30-RB_ws/src/Thesis_Workspace/build/srobot_publisher/install.log --single-version-externally-managed install_data
