[3.512s] Invoking command in '/home/andersen/M30-RB_ws/src/Thesis_Workspace/srobot_realistic_output': PYTHONPATH=/home/andersen/M30-RB_ws/src/Thesis_Workspace/build/srobot_realistic_output/prefix_override:/home/andersen/M30-RB_ws/src/Thesis_Workspace/install/srobot_realistic_output/lib/python3.10/site-packages:${PYTHONPATH} /usr/bin/python3 -W ignore:setup.py install is deprecated setup.py egg_info --egg-base ../build/srobot_realistic_output build --build-base /home/andersen/M30-RB_ws/src/Thesis_Workspace/build/srobot_realistic_output/build install --record /home/andersen/M30-RB_ws/src/Thesis_Workspace/build/srobot_realistic_output/install.log --single-version-externally-managed install_data
[4.161s] running egg_info
[4.161s] writing ../build/srobot_realistic_output/srobot_realistic_output.egg-info/PKG-INFO
[4.163s] writing dependency_links to ../build/srobot_realistic_output/srobot_realistic_output.egg-info/dependency_links.txt
[4.163s] writing entry points to ../build/srobot_realistic_output/srobot_realistic_output.egg-info/entry_points.txt
[4.164s] writing requirements to ../build/srobot_realistic_output/srobot_realistic_output.egg-info/requires.txt
[4.164s] writing top-level names to ../build/srobot_realistic_output/srobot_realistic_output.egg-info/top_level.txt
[4.167s] reading manifest file '../build/srobot_realistic_output/srobot_realistic_output.egg-info/SOURCES.txt'
[4.169s] writing manifest file '../build/srobot_realistic_output/srobot_realistic_output.egg-info/SOURCES.txt'
[4.169s] running build
[4.170s] running build_py
[4.171s] copying srobot_realistic_output/subscriber.py -> /home/andersen/M30-RB_ws/src/Thesis_Workspace/build/srobot_realistic_output/build/lib/srobot_realistic_output
[4.172s] running install
[4.172s] running install_lib
[4.174s] copying /home/andersen/M30-RB_ws/src/Thesis_Workspace/build/srobot_realistic_output/build/lib/srobot_realistic_output/subscriber.py -> /home/andersen/M30-RB_ws/src/Thesis_Workspace/install/srobot_realistic_output/lib/python3.10/site-packages/srobot_realistic_output
[4.175s] byte-compiling /home/andersen/M30-RB_ws/src/Thesis_Workspace/install/srobot_realistic_output/lib/python3.10/site-packages/srobot_realistic_output/subscriber.py to subscriber.cpython-310.pyc
[4.178s] running install_data
[4.179s] running install_egg_info
[4.183s] removing '/home/andersen/M30-RB_ws/src/Thesis_Workspace/install/srobot_realistic_output/lib/python3.10/site-packages/srobot_realistic_output-0.0.0-py3.10.egg-info' (and everything under it)
[4.184s] Copying ../build/srobot_realistic_output/srobot_realistic_output.egg-info to /home/andersen/M30-RB_ws/src/Thesis_Workspace/install/srobot_realistic_output/lib/python3.10/site-packages/srobot_realistic_output-0.0.0-py3.10.egg-info
[4.187s] running install_scripts
[4.253s] Installing publisher script to /home/andersen/M30-RB_ws/src/Thesis_Workspace/install/srobot_realistic_output/lib/srobot_realistic_output
[4.254s] Installing subscriber script to /home/andersen/M30-RB_ws/src/Thesis_Workspace/install/srobot_realistic_output/lib/srobot_realistic_output
[4.255s] writing list of installed files to '/home/andersen/M30-RB_ws/src/Thesis_Workspace/build/srobot_realistic_output/install.log'
[4.326s] Invoked command in '/home/andersen/M30-RB_ws/src/Thesis_Workspace/srobot_realistic_output' returned '0': PYTHONPATH=/home/andersen/M30-RB_ws/src/Thesis_Workspace/build/srobot_realistic_output/prefix_override:/home/andersen/M30-RB_ws/src/Thesis_Workspace/install/srobot_realistic_output/lib/python3.10/site-packages:${PYTHONPATH} /usr/bin/python3 -W ignore:setup.py install is deprecated setup.py egg_info --egg-base ../build/srobot_realistic_output build --build-base /home/andersen/M30-RB_ws/src/Thesis_Workspace/build/srobot_realistic_output/build install --record /home/andersen/M30-RB_ws/src/Thesis_Workspace/build/srobot_realistic_output/install.log --single-version-externally-managed install_data
