[3.559s] Invoking command in '/home/andersen/M30-RB_ws/src/Thesis_Workspace/srobot_publisher': PYTHONPATH=/home/andersen/M30-RB_ws/src/Thesis_Workspace/build/srobot_publisher/prefix_override:/home/andersen/M30-RB_ws/src/Thesis_Workspace/install/srobot_publisher/lib/python3.10/site-packages:${PYTHONPATH} /usr/bin/python3 -W ignore:setup.py install is deprecated setup.py egg_info --egg-base ../build/srobot_publisher build --build-base /home/andersen/M30-RB_ws/src/Thesis_Workspace/build/srobot_publisher/build install --record /home/andersen/M30-RB_ws/src/Thesis_Workspace/build/srobot_publisher/install.log --single-version-externally-managed install_data
[4.136s] running egg_info
[4.137s] writing ../build/srobot_publisher/srobot_publisher.egg-info/PKG-INFO
[4.137s] writing dependency_links to ../build/srobot_publisher/srobot_publisher.egg-info/dependency_links.txt
[4.138s] writing entry points to ../build/srobot_publisher/srobot_publisher.egg-info/entry_points.txt
[4.138s] writing requirements to ../build/srobot_publisher/srobot_publisher.egg-info/requires.txt
[4.138s] writing top-level names to ../build/srobot_publisher/srobot_publisher.egg-info/top_level.txt
[4.141s] reading manifest file '../build/srobot_publisher/srobot_publisher.egg-info/SOURCES.txt'
[4.143s] writing manifest file '../build/srobot_publisher/srobot_publisher.egg-info/SOURCES.txt'
[4.143s] running build
[4.143s] running build_py
[4.144s] running install
[4.145s] running install_lib
[4.147s] running install_data
[4.148s] running install_egg_info
[4.151s] removing '/home/andersen/M30-RB_ws/src/Thesis_Workspace/install/srobot_publisher/lib/python3.10/site-packages/srobot_publisher-0.0.0-py3.10.egg-info' (and everything under it)
[4.153s] Copying ../build/srobot_publisher/srobot_publisher.egg-info to /home/andersen/M30-RB_ws/src/Thesis_Workspace/install/srobot_publisher/lib/python3.10/site-packages/srobot_publisher-0.0.0-py3.10.egg-info
[4.155s] running install_scripts
[4.208s] Installing publisher script to /home/andersen/M30-RB_ws/src/Thesis_Workspace/install/srobot_publisher/lib/srobot_publisher
[4.209s] writing list of installed files to '/home/andersen/M30-RB_ws/src/Thesis_Workspace/build/srobot_publisher/install.log'
[4.301s] Invoked command in '/home/andersen/M30-RB_ws/src/Thesis_Workspace/srobot_publisher' returned '0': PYTHONPATH=/home/andersen/M30-RB_ws/src/Thesis_Workspace/build/srobot_publisher/prefix_override:/home/andersen/M30-RB_ws/src/Thesis_Workspace/install/srobot_publisher/lib/python3.10/site-packages:${PYTHONPATH} /usr/bin/python3 -W ignore:setup.py install is deprecated setup.py egg_info --egg-base ../build/srobot_publisher build --build-base /home/andersen/M30-RB_ws/src/Thesis_Workspace/build/srobot_publisher/build install --record /home/andersen/M30-RB_ws/src/Thesis_Workspace/build/srobot_publisher/install.log --single-version-externally-managed install_data
