running egg_info
writing ../../build/yolov6/yolov6.egg-info/PKG-INFO
writing dependency_links to ../../build/yolov6/yolov6.egg-info/dependency_links.txt
writing entry points to ../../build/yolov6/yolov6.egg-info/entry_points.txt
writing requirements to ../../build/yolov6/yolov6.egg-info/requires.txt
writing top-level names to ../../build/yolov6/yolov6.egg-info/top_level.txt
reading manifest file '../../build/yolov6/yolov6.egg-info/SOURCES.txt'
writing manifest file '../../build/yolov6/yolov6.egg-info/SOURCES.txt'
running build
running build_py
running install
running install_lib
running install_data
running install_egg_info
removing '/home/andersen/M30-RB_ws/src/Thesis_Workspace/install/yolov6/lib/python3.10/site-packages/yolov6-0.0.0-py3.10.egg-info' (and everything under it)
Copying ../../build/yolov6/yolov6.egg-info to /home/andersen/M30-RB_ws/src/Thesis_Workspace/install/yolov6/lib/python3.10/site-packages/yolov6-0.0.0-py3.10.egg-info
running install_scripts
Installing depth_cam script to /home/andersen/M30-RB_ws/src/Thesis_Workspace/install/yolov6/lib/yolov6
Installing inferer script to /home/andersen/M30-RB_ws/src/Thesis_Workspace/install/yolov6/lib/yolov6
writing list of installed files to '/home/andersen/M30-RB_ws/src/Thesis_Workspace/build/yolov6/install.log'
