[3.243s] Invoking command in '/home/andersen/M30-RB_ws/src/Thesis_Workspace/hds_and_website/yolov6': PYTHONPATH=/home/andersen/M30-RB_ws/src/Thesis_Workspace/build/yolov6/prefix_override:/home/andersen/M30-RB_ws/src/Thesis_Workspace/install/yolov6/lib/python3.10/site-packages:${PYTHONPATH} /usr/bin/python3 -W ignore:setup.py install is deprecated setup.py egg_info --egg-base ../../build/yolov6 build --build-base /home/andersen/M30-RB_ws/src/Thesis_Workspace/build/yolov6/build install --record /home/andersen/M30-RB_ws/src/Thesis_Workspace/build/yolov6/install.log --single-version-externally-managed install_data
[3.785s] running egg_info
[3.786s] writing ../../build/yolov6/yolov6.egg-info/PKG-INFO
[3.787s] writing dependency_links to ../../build/yolov6/yolov6.egg-info/dependency_links.txt
[3.787s] writing entry points to ../../build/yolov6/yolov6.egg-info/entry_points.txt
[3.788s] writing requirements to ../../build/yolov6/yolov6.egg-info/requires.txt
[3.788s] writing top-level names to ../../build/yolov6/yolov6.egg-info/top_level.txt
[3.792s] package init file 'yolov6/core/__init__.py' not found (or not a regular file)
[3.792s] package init file 'yolov6/utils/__init__.py' not found (or not a regular file)
[3.793s] package init file 'yolov6/data/__init__.py' not found (or not a regular file)
[3.793s] package init file 'yolov6/layers/__init__.py' not found (or not a regular file)
[3.793s] package init file 'yolov6/models/__init__.py' not found (or not a regular file)
[3.793s] package init file 'yolov6/models/heads/__init__.py' not found (or not a regular file)
[3.794s] package init file 'yolov6/models/losses/__init__.py' not found (or not a regular file)
[3.794s] package init file 'yolov6/solver/__init__.py' not found (or not a regular file)
[3.795s] reading manifest file '../../build/yolov6/yolov6.egg-info/SOURCES.txt'
[3.798s] writing manifest file '../../build/yolov6/yolov6.egg-info/SOURCES.txt'
[3.799s] running build
[3.799s] running build_py
[3.807s] running install
[3.808s] running install_lib
[3.816s] running install_data
[3.816s] running install_egg_info
[3.820s] removing '/home/andersen/M30-RB_ws/src/Thesis_Workspace/install/yolov6/lib/python3.10/site-packages/yolov6-0.0.0-py3.10.egg-info' (and everything under it)
[3.820s] Copying ../../build/yolov6/yolov6.egg-info to /home/andersen/M30-RB_ws/src/Thesis_Workspace/install/yolov6/lib/python3.10/site-packages/yolov6-0.0.0-py3.10.egg-info
[3.823s] running install_scripts
[3.869s] Installing depth_cam script to /home/andersen/M30-RB_ws/src/Thesis_Workspace/install/yolov6/lib/yolov6
[3.871s] Installing inferer script to /home/andersen/M30-RB_ws/src/Thesis_Workspace/install/yolov6/lib/yolov6
[3.874s] writing list of installed files to '/home/andersen/M30-RB_ws/src/Thesis_Workspace/build/yolov6/install.log'
[3.940s] Invoked command in '/home/andersen/M30-RB_ws/src/Thesis_Workspace/hds_and_website/yolov6' returned '0': PYTHONPATH=/home/andersen/M30-RB_ws/src/Thesis_Workspace/build/yolov6/prefix_override:/home/andersen/M30-RB_ws/src/Thesis_Workspace/install/yolov6/lib/python3.10/site-packages:${PYTHONPATH} /usr/bin/python3 -W ignore:setup.py install is deprecated setup.py egg_info --egg-base ../../build/yolov6 build --build-base /home/andersen/M30-RB_ws/src/Thesis_Workspace/build/yolov6/build install --record /home/andersen/M30-RB_ws/src/Thesis_Workspace/build/yolov6/install.log --single-version-externally-managed install_data
