running egg_info
creating ../build/srobot_realistic_output/srobot_realistic_output.egg-info
writing ../build/srobot_realistic_output/srobot_realistic_output.egg-info/PKG-INFO
writing dependency_links to ../build/srobot_realistic_output/srobot_realistic_output.egg-info/dependency_links.txt
writing entry points to ../build/srobot_realistic_output/srobot_realistic_output.egg-info/entry_points.txt
writing requirements to ../build/srobot_realistic_output/srobot_realistic_output.egg-info/requires.txt
writing top-level names to ../build/srobot_realistic_output/srobot_realistic_output.egg-info/top_level.txt
writing manifest file '../build/srobot_realistic_output/srobot_realistic_output.egg-info/SOURCES.txt'
reading manifest file '../build/srobot_realistic_output/srobot_realistic_output.egg-info/SOURCES.txt'
writing manifest file '../build/srobot_realistic_output/srobot_realistic_output.egg-info/SOURCES.txt'
running build
running build_py
creating /home/andersen/M30-RB_ws/src/Thesis_Workspace/build/srobot_realistic_output/build
creating /home/andersen/M30-RB_ws/src/Thesis_Workspace/build/srobot_realistic_output/build/lib
creating /home/andersen/M30-RB_ws/src/Thesis_Workspace/build/srobot_realistic_output/build/lib/srobot_realistic_output
copying srobot_realistic_output/__init__.py -> /home/andersen/M30-RB_ws/src/Thesis_Workspace/build/srobot_realistic_output/build/lib/srobot_realistic_output
copying srobot_realistic_output/subscriber.py -> /home/andersen/M30-RB_ws/src/Thesis_Workspace/build/srobot_realistic_output/build/lib/srobot_realistic_output
copying srobot_realistic_output/publisher.py -> /home/andersen/M30-RB_ws/src/Thesis_Workspace/build/srobot_realistic_output/build/lib/srobot_realistic_output
running install
running install_lib
creating /home/andersen/M30-RB_ws/src/Thesis_Workspace/install/srobot_realistic_output/lib/python3.10/site-packages/srobot_realistic_output
copying /home/andersen/M30-RB_ws/src/Thesis_Workspace/build/srobot_realistic_output/build/lib/srobot_realistic_output/__init__.py -> /home/andersen/M30-RB_ws/src/Thesis_Workspace/install/srobot_realistic_output/lib/python3.10/site-packages/srobot_realistic_output
copying /home/andersen/M30-RB_ws/src/Thesis_Workspace/build/srobot_realistic_output/build/lib/srobot_realistic_output/subscriber.py -> /home/andersen/M30-RB_ws/src/Thesis_Workspace/install/srobot_realistic_output/lib/python3.10/site-packages/srobot_realistic_output
copying /home/andersen/M30-RB_ws/src/Thesis_Workspace/build/srobot_realistic_output/build/lib/srobot_realistic_output/publisher.py -> /home/andersen/M30-RB_ws/src/Thesis_Workspace/install/srobot_realistic_output/lib/python3.10/site-packages/srobot_realistic_output
byte-compiling /home/andersen/M30-RB_ws/src/Thesis_Workspace/install/srobot_realistic_output/lib/python3.10/site-packages/srobot_realistic_output/__init__.py to __init__.cpython-310.pyc
byte-compiling /home/andersen/M30-RB_ws/src/Thesis_Workspace/install/srobot_realistic_output/lib/python3.10/site-packages/srobot_realistic_output/subscriber.py to subscriber.cpython-310.pyc
byte-compiling /home/andersen/M30-RB_ws/src/Thesis_Workspace/install/srobot_realistic_output/lib/python3.10/site-packages/srobot_realistic_output/publisher.py to publisher.cpython-310.pyc
running install_data
creating /home/andersen/M30-RB_ws/src/Thesis_Workspace/install/srobot_realistic_output/share/ament_index
creating /home/andersen/M30-RB_ws/src/Thesis_Workspace/install/srobot_realistic_output/share/ament_index/resource_index
creating /home/andersen/M30-RB_ws/src/Thesis_Workspace/install/srobot_realistic_output/share/ament_index/resource_index/packages
copying resource/srobot_realistic_output -> /home/andersen/M30-RB_ws/src/Thesis_Workspace/install/srobot_realistic_output/share/ament_index/resource_index/packages
copying package.xml -> /home/andersen/M30-RB_ws/src/Thesis_Workspace/install/srobot_realistic_output/share/srobot_realistic_output
copying launch/srobot_launch.py -> /home/andersen/M30-RB_ws/src/Thesis_Workspace/install/srobot_realistic_output/share/srobot_realistic_output
running install_egg_info
Copying ../build/srobot_realistic_output/srobot_realistic_output.egg-info to /home/andersen/M30-RB_ws/src/Thesis_Workspace/install/srobot_realistic_output/lib/python3.10/site-packages/srobot_realistic_output-0.0.0-py3.10.egg-info
running install_scripts
Installing publisher script to /home/andersen/M30-RB_ws/src/Thesis_Workspace/install/srobot_realistic_output/lib/srobot_realistic_output
Installing subscriber script to /home/andersen/M30-RB_ws/src/Thesis_Workspace/install/srobot_realistic_output/lib/srobot_realistic_output
writing list of installed files to '/home/andersen/M30-RB_ws/src/Thesis_Workspace/build/srobot_realistic_output/install.log'
