[3.279s] Invoking command in '/home/andersen/M30-RB_ws/src/Thesis_Workspace/srobot_realistic_output': PYTHONPATH=/home/andersen/M30-RB_ws/src/Thesis_Workspace/build/srobot_realistic_output/prefix_override:/home/andersen/M30-RB_ws/src/Thesis_Workspace/install/srobot_realistic_output/lib/python3.10/site-packages:${PYTHONPATH} /usr/bin/python3 -W ignore:setup.py install is deprecated setup.py egg_info --egg-base ../build/srobot_realistic_output build --build-base /home/andersen/M30-RB_ws/src/Thesis_Workspace/build/srobot_realistic_output/build install --record /home/andersen/M30-RB_ws/src/Thesis_Workspace/build/srobot_realistic_output/install.log --single-version-externally-managed install_data
[3.977s] running egg_info
[3.980s] creating ../build/srobot_realistic_output/srobot_realistic_output.egg-info
[3.981s] writing ../build/srobot_realistic_output/srobot_realistic_output.egg-info/PKG-INFO
[3.983s] writing dependency_links to ../build/srobot_realistic_output/srobot_realistic_output.egg-info/dependency_links.txt
[3.983s] writing entry points to ../build/srobot_realistic_output/srobot_realistic_output.egg-info/entry_points.txt
[3.984s] writing requirements to ../build/srobot_realistic_output/srobot_realistic_output.egg-info/requires.txt
[3.985s] writing top-level names to ../build/srobot_realistic_output/srobot_realistic_output.egg-info/top_level.txt
[3.987s] writing manifest file '../build/srobot_realistic_output/srobot_realistic_output.egg-info/SOURCES.txt'
[3.991s] reading manifest file '../build/srobot_realistic_output/srobot_realistic_output.egg-info/SOURCES.txt'
[3.994s] writing manifest file '../build/srobot_realistic_output/srobot_realistic_output.egg-info/SOURCES.txt'
[3.994s] running build
[3.995s] running build_py
[3.995s] creating /home/andersen/M30-RB_ws/src/Thesis_Workspace/build/srobot_realistic_output/build
[3.995s] creating /home/andersen/M30-RB_ws/src/Thesis_Workspace/build/srobot_realistic_output/build/lib
[3.996s] creating /home/andersen/M30-RB_ws/src/Thesis_Workspace/build/srobot_realistic_output/build/lib/srobot_realistic_output
[3.996s] copying srobot_realistic_output/__init__.py -> /home/andersen/M30-RB_ws/src/Thesis_Workspace/build/srobot_realistic_output/build/lib/srobot_realistic_output
[3.997s] copying srobot_realistic_output/subscriber.py -> /home/andersen/M30-RB_ws/src/Thesis_Workspace/build/srobot_realistic_output/build/lib/srobot_realistic_output
[4.000s] copying srobot_realistic_output/publisher.py -> /home/andersen/M30-RB_ws/src/Thesis_Workspace/build/srobot_realistic_output/build/lib/srobot_realistic_output
[4.002s] running install
[4.002s] running install_lib
[4.005s] creating /home/andersen/M30-RB_ws/src/Thesis_Workspace/install/srobot_realistic_output/lib/python3.10/site-packages/srobot_realistic_output
[4.005s] copying /home/andersen/M30-RB_ws/src/Thesis_Workspace/build/srobot_realistic_output/build/lib/srobot_realistic_output/__init__.py -> /home/andersen/M30-RB_ws/src/Thesis_Workspace/install/srobot_realistic_output/lib/python3.10/site-packages/srobot_realistic_output
[4.005s] copying /home/andersen/M30-RB_ws/src/Thesis_Workspace/build/srobot_realistic_output/build/lib/srobot_realistic_output/subscriber.py -> /home/andersen/M30-RB_ws/src/Thesis_Workspace/install/srobot_realistic_output/lib/python3.10/site-packages/srobot_realistic_output
[4.006s] copying /home/andersen/M30-RB_ws/src/Thesis_Workspace/build/srobot_realistic_output/build/lib/srobot_realistic_output/publisher.py -> /home/andersen/M30-RB_ws/src/Thesis_Workspace/install/srobot_realistic_output/lib/python3.10/site-packages/srobot_realistic_output
[4.007s] byte-compiling /home/andersen/M30-RB_ws/src/Thesis_Workspace/install/srobot_realistic_output/lib/python3.10/site-packages/srobot_realistic_output/__init__.py to __init__.cpython-310.pyc
[4.007s] byte-compiling /home/andersen/M30-RB_ws/src/Thesis_Workspace/install/srobot_realistic_output/lib/python3.10/site-packages/srobot_realistic_output/subscriber.py to subscriber.cpython-310.pyc
[4.012s] byte-compiling /home/andersen/M30-RB_ws/src/Thesis_Workspace/install/srobot_realistic_output/lib/python3.10/site-packages/srobot_realistic_output/publisher.py to publisher.cpython-310.pyc
[4.014s] running install_data
[4.014s] creating /home/andersen/M30-RB_ws/src/Thesis_Workspace/install/srobot_realistic_output/share/ament_index
[4.015s] creating /home/andersen/M30-RB_ws/src/Thesis_Workspace/install/srobot_realistic_output/share/ament_index/resource_index
[4.015s] creating /home/andersen/M30-RB_ws/src/Thesis_Workspace/install/srobot_realistic_output/share/ament_index/resource_index/packages
[4.015s] copying resource/srobot_realistic_output -> /home/andersen/M30-RB_ws/src/Thesis_Workspace/install/srobot_realistic_output/share/ament_index/resource_index/packages
[4.015s] copying package.xml -> /home/andersen/M30-RB_ws/src/Thesis_Workspace/install/srobot_realistic_output/share/srobot_realistic_output
[4.016s] copying launch/srobot_launch.py -> /home/andersen/M30-RB_ws/src/Thesis_Workspace/install/srobot_realistic_output/share/srobot_realistic_output
[4.017s] running install_egg_info
[4.017s] Copying ../build/srobot_realistic_output/srobot_realistic_output.egg-info to /home/andersen/M30-RB_ws/src/Thesis_Workspace/install/srobot_realistic_output/lib/python3.10/site-packages/srobot_realistic_output-0.0.0-py3.10.egg-info
[4.020s] running install_scripts
[4.078s] Installing publisher script to /home/andersen/M30-RB_ws/src/Thesis_Workspace/install/srobot_realistic_output/lib/srobot_realistic_output
[4.080s] Installing subscriber script to /home/andersen/M30-RB_ws/src/Thesis_Workspace/install/srobot_realistic_output/lib/srobot_realistic_output
[4.082s] writing list of installed files to '/home/andersen/M30-RB_ws/src/Thesis_Workspace/build/srobot_realistic_output/install.log'
[4.193s] Invoked command in '/home/andersen/M30-RB_ws/src/Thesis_Workspace/srobot_realistic_output' returned '0': PYTHONPATH=/home/andersen/M30-RB_ws/src/Thesis_Workspace/build/srobot_realistic_output/prefix_override:/home/andersen/M30-RB_ws/src/Thesis_Workspace/install/srobot_realistic_output/lib/python3.10/site-packages:${PYTHONPATH} /usr/bin/python3 -W ignore:setup.py install is deprecated setup.py egg_info --egg-base ../build/srobot_realistic_output build --build-base /home/andersen/M30-RB_ws/src/Thesis_Workspace/build/srobot_realistic_output/build install --record /home/andersen/M30-RB_ws/src/Thesis_Workspace/build/srobot_realistic_output/install.log --single-version-externally-managed install_data
