[3.362s] Invoking command in '/home/andersen/M30-RB_ws/src/Thesis_Workspace/hds_and_website/yolov6': PYTHONPATH=/home/andersen/M30-RB_ws/src/Thesis_Workspace/build/yolov6/prefix_override:/home/andersen/M30-RB_ws/src/Thesis_Workspace/install/yolov6/lib/python3.10/site-packages:${PYTHONPATH} /usr/bin/python3 -W ignore:setup.py install is deprecated setup.py egg_info --egg-base ../../build/yolov6 build --build-base /home/andersen/M30-RB_ws/src/Thesis_Workspace/build/yolov6/build install --record /home/andersen/M30-RB_ws/src/Thesis_Workspace/build/yolov6/install.log --single-version-externally-managed install_data
[3.964s] running egg_info
[3.965s] writing ../../build/yolov6/yolov6.egg-info/PKG-INFO
[3.966s] writing dependency_links to ../../build/yolov6/yolov6.egg-info/dependency_links.txt
[3.966s] writing entry points to ../../build/yolov6/yolov6.egg-info/entry_points.txt
[3.967s] writing requirements to ../../build/yolov6/yolov6.egg-info/requires.txt
[3.967s] writing top-level names to ../../build/yolov6/yolov6.egg-info/top_level.txt
[3.971s] package init file 'yolov6/core/__init__.py' not found (or not a regular file)
[3.972s] package init file 'yolov6/utils/__init__.py' not found (or not a regular file)
[3.972s] package init file 'yolov6/data/__init__.py' not found (or not a regular file)
[3.972s] package init file 'yolov6/layers/__init__.py' not found (or not a regular file)
[3.972s] package init file 'yolov6/models/__init__.py' not found (or not a regular file)
[3.973s] package init file 'yolov6/models/heads/__init__.py' not found (or not a regular file)
[3.973s] package init file 'yolov6/models/losses/__init__.py' not found (or not a regular file)
[3.973s] package init file 'yolov6/solver/__init__.py' not found (or not a regular file)
[3.974s] reading manifest file '../../build/yolov6/yolov6.egg-info/SOURCES.txt'
[3.978s] writing manifest file '../../build/yolov6/yolov6.egg-info/SOURCES.txt'
[3.978s] running build
[3.978s] running build_py
[3.987s] running install
[3.988s] running install_lib
[3.995s] running install_data
[3.996s] running install_egg_info
[3.998s] removing '/home/andersen/M30-RB_ws/src/Thesis_Workspace/install/yolov6/lib/python3.10/site-packages/yolov6-0.0.0-py3.10.egg-info' (and everything under it)
[3.999s] Copying ../../build/yolov6/yolov6.egg-info to /home/andersen/M30-RB_ws/src/Thesis_Workspace/install/yolov6/lib/python3.10/site-packages/yolov6-0.0.0-py3.10.egg-info
[4.001s] running install_scripts
[4.041s] Installing depth_cam script to /home/andersen/M30-RB_ws/src/Thesis_Workspace/install/yolov6/lib/yolov6
[4.041s] Installing inferer script to /home/andersen/M30-RB_ws/src/Thesis_Workspace/install/yolov6/lib/yolov6
[4.045s] writing list of installed files to '/home/andersen/M30-RB_ws/src/Thesis_Workspace/build/yolov6/install.log'
[4.113s] Invoked command in '/home/andersen/M30-RB_ws/src/Thesis_Workspace/hds_and_website/yolov6' returned '0': PYTHONPATH=/home/andersen/M30-RB_ws/src/Thesis_Workspace/build/yolov6/prefix_override:/home/andersen/M30-RB_ws/src/Thesis_Workspace/install/yolov6/lib/python3.10/site-packages:${PYTHONPATH} /usr/bin/python3 -W ignore:setup.py install is deprecated setup.py egg_info --egg-base ../../build/yolov6 build --build-base /home/andersen/M30-RB_ws/src/Thesis_Workspace/build/yolov6/build install --record /home/andersen/M30-RB_ws/src/Thesis_Workspace/build/yolov6/install.log --single-version-externally-managed install_data
