[3.410s] Invoking command in '/home/andersen/M30-RB_ws/src/Thesis_Workspace/hds_and_website/yolov6': PYTHONPATH=/home/andersen/M30-RB_ws/src/Thesis_Workspace/build/yolov6/prefix_override:/home/andersen/M30-RB_ws/src/Thesis_Workspace/install/yolov6/lib/python3.10/site-packages:${PYTHONPATH} /usr/bin/python3 -W ignore:setup.py install is deprecated setup.py egg_info --egg-base ../../build/yolov6 build --build-base /home/andersen/M30-RB_ws/src/Thesis_Workspace/build/yolov6/build install --record /home/andersen/M30-RB_ws/src/Thesis_Workspace/build/yolov6/install.log --single-version-externally-managed install_data
[4.064s] running egg_info
[4.065s] writing ../../build/yolov6/yolov6.egg-info/PKG-INFO
[4.066s] writing dependency_links to ../../build/yolov6/yolov6.egg-info/dependency_links.txt
[4.067s] writing entry points to ../../build/yolov6/yolov6.egg-info/entry_points.txt
[4.067s] writing requirements to ../../build/yolov6/yolov6.egg-info/requires.txt
[4.067s] writing top-level names to ../../build/yolov6/yolov6.egg-info/top_level.txt
[4.072s] package init file 'yolov6/core/__init__.py' not found (or not a regular file)
[4.072s] package init file 'yolov6/utils/__init__.py' not found (or not a regular file)
[4.073s] package init file 'yolov6/data/__init__.py' not found (or not a regular file)
[4.073s] package init file 'yolov6/layers/__init__.py' not found (or not a regular file)
[4.073s] package init file 'yolov6/models/__init__.py' not found (or not a regular file)
[4.074s] package init file 'yolov6/models/heads/__init__.py' not found (or not a regular file)
[4.074s] package init file 'yolov6/models/losses/__init__.py' not found (or not a regular file)
[4.074s] package init file 'yolov6/solver/__init__.py' not found (or not a regular file)
[4.076s] reading manifest file '../../build/yolov6/yolov6.egg-info/SOURCES.txt'
[4.081s] writing manifest file '../../build/yolov6/yolov6.egg-info/SOURCES.txt'
[4.081s] running build
[4.081s] running build_py
[4.092s] running install
[4.093s] running install_lib
[4.103s] running install_data
[4.103s] running install_egg_info
[4.107s] removing '/home/andersen/M30-RB_ws/src/Thesis_Workspace/install/yolov6/lib/python3.10/site-packages/yolov6-0.0.0-py3.10.egg-info' (and everything under it)
[4.108s] Copying ../../build/yolov6/yolov6.egg-info to /home/andersen/M30-RB_ws/src/Thesis_Workspace/install/yolov6/lib/python3.10/site-packages/yolov6-0.0.0-py3.10.egg-info
[4.110s] running install_scripts
[4.170s] Installing depth_cam script to /home/andersen/M30-RB_ws/src/Thesis_Workspace/install/yolov6/lib/yolov6
[4.170s] Installing inferer script to /home/andersen/M30-RB_ws/src/Thesis_Workspace/install/yolov6/lib/yolov6
[4.172s] writing list of installed files to '/home/andersen/M30-RB_ws/src/Thesis_Workspace/build/yolov6/install.log'
[4.253s] Invoked command in '/home/andersen/M30-RB_ws/src/Thesis_Workspace/hds_and_website/yolov6' returned '0': PYTHONPATH=/home/andersen/M30-RB_ws/src/Thesis_Workspace/build/yolov6/prefix_override:/home/andersen/M30-RB_ws/src/Thesis_Workspace/install/yolov6/lib/python3.10/site-packages:${PYTHONPATH} /usr/bin/python3 -W ignore:setup.py install is deprecated setup.py egg_info --egg-base ../../build/yolov6 build --build-base /home/andersen/M30-RB_ws/src/Thesis_Workspace/build/yolov6/build install --record /home/andersen/M30-RB_ws/src/Thesis_Workspace/build/yolov6/install.log --single-version-externally-managed install_data
