/home/andersen/M30-RB_ws/src/Thesis_Workspace/install/yolov6/lib/python3.10/site-packages/yolov6/__init__.py
/home/andersen/M30-RB_ws/src/Thesis_Workspace/install/yolov6/lib/python3.10/site-packages/yolov6/core/evaler.py
/home/andersen/M30-RB_ws/src/Thesis_Workspace/install/yolov6/lib/python3.10/site-packages/yolov6/core/inferer.py
/home/andersen/M30-RB_ws/src/Thesis_Workspace/install/yolov6/lib/python3.10/site-packages/yolov6/core/depth_cam.py
/home/andersen/M30-RB_ws/src/Thesis_Workspace/install/yolov6/lib/python3.10/site-packages/yolov6/core/engine.py
/home/andersen/M30-RB_ws/src/Thesis_Workspace/install/yolov6/lib/python3.10/site-packages/yolov6/utils/envs.py
/home/andersen/M30-RB_ws/src/Thesis_Workspace/install/yolov6/lib/python3.10/site-packages/yolov6/utils/metrics.py
/home/andersen/M30-RB_ws/src/Thesis_Workspace/install/yolov6/lib/python3.10/site-packages/yolov6/utils/checkpoint.py
/home/andersen/M30-RB_ws/src/Thesis_Workspace/install/yolov6/lib/python3.10/site-packages/yolov6/utils/events.py
/home/andersen/M30-RB_ws/src/Thesis_Workspace/install/yolov6/lib/python3.10/site-packages/yolov6/utils/config.py
/home/andersen/M30-RB_ws/src/Thesis_Workspace/install/yolov6/lib/python3.10/site-packages/yolov6/utils/torch_utils.py
/home/andersen/M30-RB_ws/src/Thesis_Workspace/install/yolov6/lib/python3.10/site-packages/yolov6/utils/general.py
/home/andersen/M30-RB_ws/src/Thesis_Workspace/install/yolov6/lib/python3.10/site-packages/yolov6/utils/RepOptimizer.py
/home/andersen/M30-RB_ws/src/Thesis_Workspace/install/yolov6/lib/python3.10/site-packages/yolov6/utils/nms.py
/home/andersen/M30-RB_ws/src/Thesis_Workspace/install/yolov6/lib/python3.10/site-packages/yolov6/utils/ema.py
/home/andersen/M30-RB_ws/src/Thesis_Workspace/install/yolov6/lib/python3.10/site-packages/yolov6/utils/figure_iou.py
/home/andersen/M30-RB_ws/src/Thesis_Workspace/install/yolov6/lib/python3.10/site-packages/yolov6/data/data_load.py
/home/andersen/M30-RB_ws/src/Thesis_Workspace/install/yolov6/lib/python3.10/site-packages/yolov6/data/voc2yolo.py
/home/andersen/M30-RB_ws/src/Thesis_Workspace/install/yolov6/lib/python3.10/site-packages/yolov6/data/data_augment.py
/home/andersen/M30-RB_ws/src/Thesis_Workspace/install/yolov6/lib/python3.10/site-packages/yolov6/data/datasets.py
/home/andersen/M30-RB_ws/src/Thesis_Workspace/install/yolov6/lib/python3.10/site-packages/yolov6/data/vis_dataset.py
/home/andersen/M30-RB_ws/src/Thesis_Workspace/install/yolov6/lib/python3.10/site-packages/yolov6/layers/dbb_transforms.py
/home/andersen/M30-RB_ws/src/Thesis_Workspace/install/yolov6/lib/python3.10/site-packages/yolov6/layers/common.py
/home/andersen/M30-RB_ws/src/Thesis_Workspace/install/yolov6/lib/python3.10/site-packages/yolov6/models/end2end.py
/home/andersen/M30-RB_ws/src/Thesis_Workspace/install/yolov6/lib/python3.10/site-packages/yolov6/models/reppan.py
/home/andersen/M30-RB_ws/src/Thesis_Workspace/install/yolov6/lib/python3.10/site-packages/yolov6/models/yolo_lite.py
/home/andersen/M30-RB_ws/src/Thesis_Workspace/install/yolov6/lib/python3.10/site-packages/yolov6/models/efficientrep.py
/home/andersen/M30-RB_ws/src/Thesis_Workspace/install/yolov6/lib/python3.10/site-packages/yolov6/models/yolo.py
/home/andersen/M30-RB_ws/src/Thesis_Workspace/install/yolov6/lib/python3.10/site-packages/yolov6/models/effidehead.py
/home/andersen/M30-RB_ws/src/Thesis_Workspace/install/yolov6/lib/python3.10/site-packages/yolov6/models/heads/effidehead_fuseab.py
/home/andersen/M30-RB_ws/src/Thesis_Workspace/install/yolov6/lib/python3.10/site-packages/yolov6/models/heads/effidehead_distill_ns.py
/home/andersen/M30-RB_ws/src/Thesis_Workspace/install/yolov6/lib/python3.10/site-packages/yolov6/models/heads/effidehead_lite.py
/home/andersen/M30-RB_ws/src/Thesis_Workspace/install/yolov6/lib/python3.10/site-packages/yolov6/models/losses/loss_distill_ns.py
/home/andersen/M30-RB_ws/src/Thesis_Workspace/install/yolov6/lib/python3.10/site-packages/yolov6/models/losses/loss_fuseab.py
/home/andersen/M30-RB_ws/src/Thesis_Workspace/install/yolov6/lib/python3.10/site-packages/yolov6/models/losses/loss.py
/home/andersen/M30-RB_ws/src/Thesis_Workspace/install/yolov6/lib/python3.10/site-packages/yolov6/models/losses/loss_distill.py
/home/andersen/M30-RB_ws/src/Thesis_Workspace/install/yolov6/lib/python3.10/site-packages/yolov6/solver/build.py
/home/andersen/M30-RB_ws/src/Thesis_Workspace/install/yolov6/lib/python3.10/site-packages/yolov6/assigners/assigner_utils.py
/home/andersen/M30-RB_ws/src/Thesis_Workspace/install/yolov6/lib/python3.10/site-packages/yolov6/assigners/__init__.py
/home/andersen/M30-RB_ws/src/Thesis_Workspace/install/yolov6/lib/python3.10/site-packages/yolov6/assigners/tal_assigner.py
/home/andersen/M30-RB_ws/src/Thesis_Workspace/install/yolov6/lib/python3.10/site-packages/yolov6/assigners/atss_assigner.py
/home/andersen/M30-RB_ws/src/Thesis_Workspace/install/yolov6/lib/python3.10/site-packages/yolov6/assigners/iou2d_calculator.py
/home/andersen/M30-RB_ws/src/Thesis_Workspace/install/yolov6/lib/python3.10/site-packages/yolov6/assigners/anchor_generator.py
/home/andersen/M30-RB_ws/src/Thesis_Workspace/install/yolov6/lib/python3.10/site-packages/yolov6/__pycache__/__init__.cpython-310.pyc
/home/andersen/M30-RB_ws/src/Thesis_Workspace/install/yolov6/lib/python3.10/site-packages/yolov6/core/__pycache__/evaler.cpython-310.pyc
/home/andersen/M30-RB_ws/src/Thesis_Workspace/install/yolov6/lib/python3.10/site-packages/yolov6/core/__pycache__/inferer.cpython-310.pyc
/home/andersen/M30-RB_ws/src/Thesis_Workspace/install/yolov6/lib/python3.10/site-packages/yolov6/core/__pycache__/depth_cam.cpython-310.pyc
/home/andersen/M30-RB_ws/src/Thesis_Workspace/install/yolov6/lib/python3.10/site-packages/yolov6/core/__pycache__/engine.cpython-310.pyc
/home/andersen/M30-RB_ws/src/Thesis_Workspace/install/yolov6/lib/python3.10/site-packages/yolov6/utils/__pycache__/envs.cpython-310.pyc
/home/andersen/M30-RB_ws/src/Thesis_Workspace/install/yolov6/lib/python3.10/site-packages/yolov6/utils/__pycache__/metrics.cpython-310.pyc
/home/andersen/M30-RB_ws/src/Thesis_Workspace/install/yolov6/lib/python3.10/site-packages/yolov6/utils/__pycache__/checkpoint.cpython-310.pyc
/home/andersen/M30-RB_ws/src/Thesis_Workspace/install/yolov6/lib/python3.10/site-packages/yolov6/utils/__pycache__/events.cpython-310.pyc
/home/andersen/M30-RB_ws/src/Thesis_Workspace/install/yolov6/lib/python3.10/site-packages/yolov6/utils/__pycache__/config.cpython-310.pyc
/home/andersen/M30-RB_ws/src/Thesis_Workspace/install/yolov6/lib/python3.10/site-packages/yolov6/utils/__pycache__/torch_utils.cpython-310.pyc
/home/andersen/M30-RB_ws/src/Thesis_Workspace/install/yolov6/lib/python3.10/site-packages/yolov6/utils/__pycache__/general.cpython-310.pyc
/home/andersen/M30-RB_ws/src/Thesis_Workspace/install/yolov6/lib/python3.10/site-packages/yolov6/utils/__pycache__/RepOptimizer.cpython-310.pyc
/home/andersen/M30-RB_ws/src/Thesis_Workspace/install/yolov6/lib/python3.10/site-packages/yolov6/utils/__pycache__/nms.cpython-310.pyc
/home/andersen/M30-RB_ws/src/Thesis_Workspace/install/yolov6/lib/python3.10/site-packages/yolov6/utils/__pycache__/ema.cpython-310.pyc
/home/andersen/M30-RB_ws/src/Thesis_Workspace/install/yolov6/lib/python3.10/site-packages/yolov6/utils/__pycache__/figure_iou.cpython-310.pyc
/home/andersen/M30-RB_ws/src/Thesis_Workspace/install/yolov6/lib/python3.10/site-packages/yolov6/data/__pycache__/data_load.cpython-310.pyc
/home/andersen/M30-RB_ws/src/Thesis_Workspace/install/yolov6/lib/python3.10/site-packages/yolov6/data/__pycache__/voc2yolo.cpython-310.pyc
/home/andersen/M30-RB_ws/src/Thesis_Workspace/install/yolov6/lib/python3.10/site-packages/yolov6/data/__pycache__/data_augment.cpython-310.pyc
/home/andersen/M30-RB_ws/src/Thesis_Workspace/install/yolov6/lib/python3.10/site-packages/yolov6/data/__pycache__/datasets.cpython-310.pyc
/home/andersen/M30-RB_ws/src/Thesis_Workspace/install/yolov6/lib/python3.10/site-packages/yolov6/data/__pycache__/vis_dataset.cpython-310.pyc
/home/andersen/M30-RB_ws/src/Thesis_Workspace/install/yolov6/lib/python3.10/site-packages/yolov6/layers/__pycache__/dbb_transforms.cpython-310.pyc
/home/andersen/M30-RB_ws/src/Thesis_Workspace/install/yolov6/lib/python3.10/site-packages/yolov6/layers/__pycache__/common.cpython-310.pyc
/home/andersen/M30-RB_ws/src/Thesis_Workspace/install/yolov6/lib/python3.10/site-packages/yolov6/models/__pycache__/end2end.cpython-310.pyc
/home/andersen/M30-RB_ws/src/Thesis_Workspace/install/yolov6/lib/python3.10/site-packages/yolov6/models/__pycache__/reppan.cpython-310.pyc
/home/andersen/M30-RB_ws/src/Thesis_Workspace/install/yolov6/lib/python3.10/site-packages/yolov6/models/__pycache__/yolo_lite.cpython-310.pyc
/home/andersen/M30-RB_ws/src/Thesis_Workspace/install/yolov6/lib/python3.10/site-packages/yolov6/models/__pycache__/efficientrep.cpython-310.pyc
/home/andersen/M30-RB_ws/src/Thesis_Workspace/install/yolov6/lib/python3.10/site-packages/yolov6/models/__pycache__/yolo.cpython-310.pyc
/home/andersen/M30-RB_ws/src/Thesis_Workspace/install/yolov6/lib/python3.10/site-packages/yolov6/models/__pycache__/effidehead.cpython-310.pyc
/home/andersen/M30-RB_ws/src/Thesis_Workspace/install/yolov6/lib/python3.10/site-packages/yolov6/models/heads/__pycache__/effidehead_fuseab.cpython-310.pyc
/home/andersen/M30-RB_ws/src/Thesis_Workspace/install/yolov6/lib/python3.10/site-packages/yolov6/models/heads/__pycache__/effidehead_distill_ns.cpython-310.pyc
/home/andersen/M30-RB_ws/src/Thesis_Workspace/install/yolov6/lib/python3.10/site-packages/yolov6/models/heads/__pycache__/effidehead_lite.cpython-310.pyc
/home/andersen/M30-RB_ws/src/Thesis_Workspace/install/yolov6/lib/python3.10/site-packages/yolov6/models/losses/__pycache__/loss_distill_ns.cpython-310.pyc
/home/andersen/M30-RB_ws/src/Thesis_Workspace/install/yolov6/lib/python3.10/site-packages/yolov6/models/losses/__pycache__/loss_fuseab.cpython-310.pyc
/home/andersen/M30-RB_ws/src/Thesis_Workspace/install/yolov6/lib/python3.10/site-packages/yolov6/models/losses/__pycache__/loss.cpython-310.pyc
/home/andersen/M30-RB_ws/src/Thesis_Workspace/install/yolov6/lib/python3.10/site-packages/yolov6/models/losses/__pycache__/loss_distill.cpython-310.pyc
/home/andersen/M30-RB_ws/src/Thesis_Workspace/install/yolov6/lib/python3.10/site-packages/yolov6/solver/__pycache__/build.cpython-310.pyc
/home/andersen/M30-RB_ws/src/Thesis_Workspace/install/yolov6/lib/python3.10/site-packages/yolov6/assigners/__pycache__/assigner_utils.cpython-310.pyc
/home/andersen/M30-RB_ws/src/Thesis_Workspace/install/yolov6/lib/python3.10/site-packages/yolov6/assigners/__pycache__/__init__.cpython-310.pyc
/home/andersen/M30-RB_ws/src/Thesis_Workspace/install/yolov6/lib/python3.10/site-packages/yolov6/assigners/__pycache__/tal_assigner.cpython-310.pyc
/home/andersen/M30-RB_ws/src/Thesis_Workspace/install/yolov6/lib/python3.10/site-packages/yolov6/assigners/__pycache__/atss_assigner.cpython-310.pyc
/home/andersen/M30-RB_ws/src/Thesis_Workspace/install/yolov6/lib/python3.10/site-packages/yolov6/assigners/__pycache__/iou2d_calculator.cpython-310.pyc
/home/andersen/M30-RB_ws/src/Thesis_Workspace/install/yolov6/lib/python3.10/site-packages/yolov6/assigners/__pycache__/anchor_generator.cpython-310.pyc
/home/andersen/M30-RB_ws/src/Thesis_Workspace/install/yolov6/share/ament_index/resource_index/packages/yolov6
/home/andersen/M30-RB_ws/src/Thesis_Workspace/install/yolov6/share/yolov6/package.xml
/home/andersen/M30-RB_ws/src/Thesis_Workspace/install/yolov6/lib/python3.10/site-packages/yolov6-0.0.0-py3.10.egg-info/SOURCES.txt
/home/andersen/M30-RB_ws/src/Thesis_Workspace/install/yolov6/lib/python3.10/site-packages/yolov6-0.0.0-py3.10.egg-info/zip-safe
/home/andersen/M30-RB_ws/src/Thesis_Workspace/install/yolov6/lib/python3.10/site-packages/yolov6-0.0.0-py3.10.egg-info/entry_points.txt
/home/andersen/M30-RB_ws/src/Thesis_Workspace/install/yolov6/lib/python3.10/site-packages/yolov6-0.0.0-py3.10.egg-info/requires.txt
/home/andersen/M30-RB_ws/src/Thesis_Workspace/install/yolov6/lib/python3.10/site-packages/yolov6-0.0.0-py3.10.egg-info/dependency_links.txt
/home/andersen/M30-RB_ws/src/Thesis_Workspace/install/yolov6/lib/python3.10/site-packages/yolov6-0.0.0-py3.10.egg-info/top_level.txt
/home/andersen/M30-RB_ws/src/Thesis_Workspace/install/yolov6/lib/python3.10/site-packages/yolov6-0.0.0-py3.10.egg-info/PKG-INFO
/home/andersen/M30-RB_ws/src/Thesis_Workspace/install/yolov6/lib/yolov6/depth_cam
/home/andersen/M30-RB_ws/src/Thesis_Workspace/install/yolov6/lib/yolov6/inferer
