[3.769s] Invoking command in '/home/andersen/M30-RB_ws/src/Thesis_Workspace/hds_and_website/ras_reliability_backend': PYTHONPATH=/home/andersen/M30-RB_ws/src/Thesis_Workspace/build/pyflask/prefix_override:/home/andersen/M30-RB_ws/src/Thesis_Workspace/install/pyflask/lib/python3.10/site-packages:${PYTHONPATH} /usr/bin/python3 -W ignore:setup.py install is deprecated setup.py egg_info --egg-base ../../build/pyflask build --build-base /home/andersen/M30-RB_ws/src/Thesis_Workspace/build/pyflask/build install --record /home/andersen/M30-RB_ws/src/Thesis_Workspace/build/pyflask/install.log --single-version-externally-managed install_data
[4.463s] running egg_info
[4.465s] writing ../../build/pyflask/pyflask.egg-info/PKG-INFO
[4.465s] writing dependency_links to ../../build/pyflask/pyflask.egg-info/dependency_links.txt
[4.466s] writing entry points to ../../build/pyflask/pyflask.egg-info/entry_points.txt
[4.467s] writing requirements to ../../build/pyflask/pyflask.egg-info/requires.txt
[4.467s] writing top-level names to ../../build/pyflask/pyflask.egg-info/top_level.txt
[4.474s] reading manifest file '../../build/pyflask/pyflask.egg-info/SOURCES.txt'
[4.475s] adding license file 'LICENSE'
[4.479s] writing manifest file '../../build/pyflask/pyflask.egg-info/SOURCES.txt'
[4.479s] running build
[4.479s] running build_py
[4.483s] running install
[4.484s] running install_lib
[4.490s] running install_data
[4.491s] copying pyflask/templates/index.html -> /home/andersen/M30-RB_ws/src/Thesis_Workspace/install/pyflask/share/pyflask/templates
[4.492s] running install_egg_info
[4.498s] removing '/home/andersen/M30-RB_ws/src/Thesis_Workspace/install/pyflask/lib/python3.10/site-packages/pyflask-0.0.0-py3.10.egg-info' (and everything under it)
[4.499s] Copying ../../build/pyflask/pyflask.egg-info to /home/andersen/M30-RB_ws/src/Thesis_Workspace/install/pyflask/lib/python3.10/site-packages/pyflask-0.0.0-py3.10.egg-info
[4.502s] running install_scripts
[4.565s] Installing cycle_dist script to /home/andersen/M30-RB_ws/src/Thesis_Workspace/install/pyflask/lib/pyflask
[4.566s] Installing robot script to /home/andersen/M30-RB_ws/src/Thesis_Workspace/install/pyflask/lib/pyflask
[4.566s] Installing server script to /home/andersen/M30-RB_ws/src/Thesis_Workspace/install/pyflask/lib/pyflask
[4.567s] Installing subtester script to /home/andersen/M30-RB_ws/src/Thesis_Workspace/install/pyflask/lib/pyflask
[4.567s] Installing talker script to /home/andersen/M30-RB_ws/src/Thesis_Workspace/install/pyflask/lib/pyflask
[4.569s] writing list of installed files to '/home/andersen/M30-RB_ws/src/Thesis_Workspace/build/pyflask/install.log'
[4.668s] Invoked command in '/home/andersen/M30-RB_ws/src/Thesis_Workspace/hds_and_website/ras_reliability_backend' returned '0': PYTHONPATH=/home/andersen/M30-RB_ws/src/Thesis_Workspace/build/pyflask/prefix_override:/home/andersen/M30-RB_ws/src/Thesis_Workspace/install/pyflask/lib/python3.10/site-packages:${PYTHONPATH} /usr/bin/python3 -W ignore:setup.py install is deprecated setup.py egg_info --egg-base ../../build/pyflask build --build-base /home/andersen/M30-RB_ws/src/Thesis_Workspace/build/pyflask/build install --record /home/andersen/M30-RB_ws/src/Thesis_Workspace/build/pyflask/install.log --single-version-externally-managed install_data
