running egg_info
creating ../../build/yolov6/yolov6.egg-info
writing ../../build/yolov6/yolov6.egg-info/PKG-INFO
writing dependency_links to ../../build/yolov6/yolov6.egg-info/dependency_links.txt
writing entry points to ../../build/yolov6/yolov6.egg-info/entry_points.txt
writing requirements to ../../build/yolov6/yolov6.egg-info/requires.txt
writing top-level names to ../../build/yolov6/yolov6.egg-info/top_level.txt
writing manifest file '../../build/yolov6/yolov6.egg-info/SOURCES.txt'
package init file 'yolov6/core/__init__.py' not found (or not a regular file)
package init file 'yolov6/utils/__init__.py' not found (or not a regular file)
package init file 'yolov6/data/__init__.py' not found (or not a regular file)
package init file 'yolov6/layers/__init__.py' not found (or not a regular file)
package init file 'yolov6/models/__init__.py' not found (or not a regular file)
package init file 'yolov6/models/heads/__init__.py' not found (or not a regular file)
package init file 'yolov6/models/losses/__init__.py' not found (or not a regular file)
package init file 'yolov6/solver/__init__.py' not found (or not a regular file)
reading manifest file '../../build/yolov6/yolov6.egg-info/SOURCES.txt'
writing manifest file '../../build/yolov6/yolov6.egg-info/SOURCES.txt'
running build
running build_py
creating /home/andersen/M30-RB_ws/src/Thesis_Workspace/build/yolov6/build
creating /home/andersen/M30-RB_ws/src/Thesis_Workspace/build/yolov6/build/lib
creating /home/andersen/M30-RB_ws/src/Thesis_Workspace/build/yolov6/build/lib/yolov6
copying yolov6/__init__.py -> /home/andersen/M30-RB_ws/src/Thesis_Workspace/build/yolov6/build/lib/yolov6
creating /home/andersen/M30-RB_ws/src/Thesis_Workspace/build/yolov6/build/lib/yolov6/core
copying yolov6/core/evaler.py -> /home/andersen/M30-RB_ws/src/Thesis_Workspace/build/yolov6/build/lib/yolov6/core
copying yolov6/core/inferer.py -> /home/andersen/M30-RB_ws/src/Thesis_Workspace/build/yolov6/build/lib/yolov6/core
copying yolov6/core/depth_cam.py -> /home/andersen/M30-RB_ws/src/Thesis_Workspace/build/yolov6/build/lib/yolov6/core
copying yolov6/core/engine.py -> /home/andersen/M30-RB_ws/src/Thesis_Workspace/build/yolov6/build/lib/yolov6/core
creating /home/andersen/M30-RB_ws/src/Thesis_Workspace/build/yolov6/build/lib/yolov6/utils
copying yolov6/utils/envs.py -> /home/andersen/M30-RB_ws/src/Thesis_Workspace/build/yolov6/build/lib/yolov6/utils
copying yolov6/utils/metrics.py -> /home/andersen/M30-RB_ws/src/Thesis_Workspace/build/yolov6/build/lib/yolov6/utils
copying yolov6/utils/checkpoint.py -> /home/andersen/M30-RB_ws/src/Thesis_Workspace/build/yolov6/build/lib/yolov6/utils
copying yolov6/utils/events.py -> /home/andersen/M30-RB_ws/src/Thesis_Workspace/build/yolov6/build/lib/yolov6/utils
copying yolov6/utils/config.py -> /home/andersen/M30-RB_ws/src/Thesis_Workspace/build/yolov6/build/lib/yolov6/utils
copying yolov6/utils/torch_utils.py -> /home/andersen/M30-RB_ws/src/Thesis_Workspace/build/yolov6/build/lib/yolov6/utils
copying yolov6/utils/general.py -> /home/andersen/M30-RB_ws/src/Thesis_Workspace/build/yolov6/build/lib/yolov6/utils
copying yolov6/utils/RepOptimizer.py -> /home/andersen/M30-RB_ws/src/Thesis_Workspace/build/yolov6/build/lib/yolov6/utils
copying yolov6/utils/nms.py -> /home/andersen/M30-RB_ws/src/Thesis_Workspace/build/yolov6/build/lib/yolov6/utils
copying yolov6/utils/ema.py -> /home/andersen/M30-RB_ws/src/Thesis_Workspace/build/yolov6/build/lib/yolov6/utils
copying yolov6/utils/figure_iou.py -> /home/andersen/M30-RB_ws/src/Thesis_Workspace/build/yolov6/build/lib/yolov6/utils
creating /home/andersen/M30-RB_ws/src/Thesis_Workspace/build/yolov6/build/lib/yolov6/data
copying yolov6/data/data_load.py -> /home/andersen/M30-RB_ws/src/Thesis_Workspace/build/yolov6/build/lib/yolov6/data
copying yolov6/data/voc2yolo.py -> /home/andersen/M30-RB_ws/src/Thesis_Workspace/build/yolov6/build/lib/yolov6/data
copying yolov6/data/data_augment.py -> /home/andersen/M30-RB_ws/src/Thesis_Workspace/build/yolov6/build/lib/yolov6/data
copying yolov6/data/datasets.py -> /home/andersen/M30-RB_ws/src/Thesis_Workspace/build/yolov6/build/lib/yolov6/data
copying yolov6/data/vis_dataset.py -> /home/andersen/M30-RB_ws/src/Thesis_Workspace/build/yolov6/build/lib/yolov6/data
creating /home/andersen/M30-RB_ws/src/Thesis_Workspace/build/yolov6/build/lib/yolov6/layers
copying yolov6/layers/dbb_transforms.py -> /home/andersen/M30-RB_ws/src/Thesis_Workspace/build/yolov6/build/lib/yolov6/layers
copying yolov6/layers/common.py -> /home/andersen/M30-RB_ws/src/Thesis_Workspace/build/yolov6/build/lib/yolov6/layers
creating /home/andersen/M30-RB_ws/src/Thesis_Workspace/build/yolov6/build/lib/yolov6/models
copying yolov6/models/end2end.py -> /home/andersen/M30-RB_ws/src/Thesis_Workspace/build/yolov6/build/lib/yolov6/models
copying yolov6/models/reppan.py -> /home/andersen/M30-RB_ws/src/Thesis_Workspace/build/yolov6/build/lib/yolov6/models
copying yolov6/models/yolo_lite.py -> /home/andersen/M30-RB_ws/src/Thesis_Workspace/build/yolov6/build/lib/yolov6/models
copying yolov6/models/efficientrep.py -> /home/andersen/M30-RB_ws/src/Thesis_Workspace/build/yolov6/build/lib/yolov6/models
copying yolov6/models/yolo.py -> /home/andersen/M30-RB_ws/src/Thesis_Workspace/build/yolov6/build/lib/yolov6/models
copying yolov6/models/effidehead.py -> /home/andersen/M30-RB_ws/src/Thesis_Workspace/build/yolov6/build/lib/yolov6/models
creating /home/andersen/M30-RB_ws/src/Thesis_Workspace/build/yolov6/build/lib/yolov6/models/heads
copying yolov6/models/heads/effidehead_fuseab.py -> /home/andersen/M30-RB_ws/src/Thesis_Workspace/build/yolov6/build/lib/yolov6/models/heads
copying yolov6/models/heads/effidehead_distill_ns.py -> /home/andersen/M30-RB_ws/src/Thesis_Workspace/build/yolov6/build/lib/yolov6/models/heads
copying yolov6/models/heads/effidehead_lite.py -> /home/andersen/M30-RB_ws/src/Thesis_Workspace/build/yolov6/build/lib/yolov6/models/heads
creating /home/andersen/M30-RB_ws/src/Thesis_Workspace/build/yolov6/build/lib/yolov6/models/losses
copying yolov6/models/losses/loss_distill_ns.py -> /home/andersen/M30-RB_ws/src/Thesis_Workspace/build/yolov6/build/lib/yolov6/models/losses
copying yolov6/models/losses/loss_fuseab.py -> /home/andersen/M30-RB_ws/src/Thesis_Workspace/build/yolov6/build/lib/yolov6/models/losses
copying yolov6/models/losses/loss.py -> /home/andersen/M30-RB_ws/src/Thesis_Workspace/build/yolov6/build/lib/yolov6/models/losses
copying yolov6/models/losses/loss_distill.py -> /home/andersen/M30-RB_ws/src/Thesis_Workspace/build/yolov6/build/lib/yolov6/models/losses
creating /home/andersen/M30-RB_ws/src/Thesis_Workspace/build/yolov6/build/lib/yolov6/solver
copying yolov6/solver/build.py -> /home/andersen/M30-RB_ws/src/Thesis_Workspace/build/yolov6/build/lib/yolov6/solver
creating /home/andersen/M30-RB_ws/src/Thesis_Workspace/build/yolov6/build/lib/yolov6/assigners
copying yolov6/assigners/assigner_utils.py -> /home/andersen/M30-RB_ws/src/Thesis_Workspace/build/yolov6/build/lib/yolov6/assigners
copying yolov6/assigners/__init__.py -> /home/andersen/M30-RB_ws/src/Thesis_Workspace/build/yolov6/build/lib/yolov6/assigners
copying yolov6/assigners/tal_assigner.py -> /home/andersen/M30-RB_ws/src/Thesis_Workspace/build/yolov6/build/lib/yolov6/assigners
copying yolov6/assigners/atss_assigner.py -> /home/andersen/M30-RB_ws/src/Thesis_Workspace/build/yolov6/build/lib/yolov6/assigners
copying yolov6/assigners/iou2d_calculator.py -> /home/andersen/M30-RB_ws/src/Thesis_Workspace/build/yolov6/build/lib/yolov6/assigners
copying yolov6/assigners/anchor_generator.py -> /home/andersen/M30-RB_ws/src/Thesis_Workspace/build/yolov6/build/lib/yolov6/assigners
running install
running install_lib
creating /home/andersen/M30-RB_ws/src/Thesis_Workspace/install/yolov6/lib/python3.10/site-packages/yolov6
creating /home/andersen/M30-RB_ws/src/Thesis_Workspace/install/yolov6/lib/python3.10/site-packages/yolov6/core
copying /home/andersen/M30-RB_ws/src/Thesis_Workspace/build/yolov6/build/lib/yolov6/core/evaler.py -> /home/andersen/M30-RB_ws/src/Thesis_Workspace/install/yolov6/lib/python3.10/site-packages/yolov6/core
copying /home/andersen/M30-RB_ws/src/Thesis_Workspace/build/yolov6/build/lib/yolov6/core/inferer.py -> /home/andersen/M30-RB_ws/src/Thesis_Workspace/install/yolov6/lib/python3.10/site-packages/yolov6/core
copying /home/andersen/M30-RB_ws/src/Thesis_Workspace/build/yolov6/build/lib/yolov6/core/depth_cam.py -> /home/andersen/M30-RB_ws/src/Thesis_Workspace/install/yolov6/lib/python3.10/site-packages/yolov6/core
copying /home/andersen/M30-RB_ws/src/Thesis_Workspace/build/yolov6/build/lib/yolov6/core/engine.py -> /home/andersen/M30-RB_ws/src/Thesis_Workspace/install/yolov6/lib/python3.10/site-packages/yolov6/core
copying /home/andersen/M30-RB_ws/src/Thesis_Workspace/build/yolov6/build/lib/yolov6/__init__.py -> /home/andersen/M30-RB_ws/src/Thesis_Workspace/install/yolov6/lib/python3.10/site-packages/yolov6
creating /home/andersen/M30-RB_ws/src/Thesis_Workspace/install/yolov6/lib/python3.10/site-packages/yolov6/utils
copying /home/andersen/M30-RB_ws/src/Thesis_Workspace/build/yolov6/build/lib/yolov6/utils/envs.py -> /home/andersen/M30-RB_ws/src/Thesis_Workspace/install/yolov6/lib/python3.10/site-packages/yolov6/utils
copying /home/andersen/M30-RB_ws/src/Thesis_Workspace/build/yolov6/build/lib/yolov6/utils/metrics.py -> /home/andersen/M30-RB_ws/src/Thesis_Workspace/install/yolov6/lib/python3.10/site-packages/yolov6/utils
copying /home/andersen/M30-RB_ws/src/Thesis_Workspace/build/yolov6/build/lib/yolov6/utils/checkpoint.py -> /home/andersen/M30-RB_ws/src/Thesis_Workspace/install/yolov6/lib/python3.10/site-packages/yolov6/utils
copying /home/andersen/M30-RB_ws/src/Thesis_Workspace/build/yolov6/build/lib/yolov6/utils/events.py -> /home/andersen/M30-RB_ws/src/Thesis_Workspace/install/yolov6/lib/python3.10/site-packages/yolov6/utils
copying /home/andersen/M30-RB_ws/src/Thesis_Workspace/build/yolov6/build/lib/yolov6/utils/config.py -> /home/andersen/M30-RB_ws/src/Thesis_Workspace/install/yolov6/lib/python3.10/site-packages/yolov6/utils
copying /home/andersen/M30-RB_ws/src/Thesis_Workspace/build/yolov6/build/lib/yolov6/utils/torch_utils.py -> /home/andersen/M30-RB_ws/src/Thesis_Workspace/install/yolov6/lib/python3.10/site-packages/yolov6/utils
copying /home/andersen/M30-RB_ws/src/Thesis_Workspace/build/yolov6/build/lib/yolov6/utils/general.py -> /home/andersen/M30-RB_ws/src/Thesis_Workspace/install/yolov6/lib/python3.10/site-packages/yolov6/utils
copying /home/andersen/M30-RB_ws/src/Thesis_Workspace/build/yolov6/build/lib/yolov6/utils/RepOptimizer.py -> /home/andersen/M30-RB_ws/src/Thesis_Workspace/install/yolov6/lib/python3.10/site-packages/yolov6/utils
copying /home/andersen/M30-RB_ws/src/Thesis_Workspace/build/yolov6/build/lib/yolov6/utils/nms.py -> /home/andersen/M30-RB_ws/src/Thesis_Workspace/install/yolov6/lib/python3.10/site-packages/yolov6/utils
copying /home/andersen/M30-RB_ws/src/Thesis_Workspace/build/yolov6/build/lib/yolov6/utils/ema.py -> /home/andersen/M30-RB_ws/src/Thesis_Workspace/install/yolov6/lib/python3.10/site-packages/yolov6/utils
copying /home/andersen/M30-RB_ws/src/Thesis_Workspace/build/yolov6/build/lib/yolov6/utils/figure_iou.py -> /home/andersen/M30-RB_ws/src/Thesis_Workspace/install/yolov6/lib/python3.10/site-packages/yolov6/utils
creating /home/andersen/M30-RB_ws/src/Thesis_Workspace/install/yolov6/lib/python3.10/site-packages/yolov6/assigners
copying /home/andersen/M30-RB_ws/src/Thesis_Workspace/build/yolov6/build/lib/yolov6/assigners/assigner_utils.py -> /home/andersen/M30-RB_ws/src/Thesis_Workspace/install/yolov6/lib/python3.10/site-packages/yolov6/assigners
copying /home/andersen/M30-RB_ws/src/Thesis_Workspace/build/yolov6/build/lib/yolov6/assigners/__init__.py -> /home/andersen/M30-RB_ws/src/Thesis_Workspace/install/yolov6/lib/python3.10/site-packages/yolov6/assigners
copying /home/andersen/M30-RB_ws/src/Thesis_Workspace/build/yolov6/build/lib/yolov6/assigners/tal_assigner.py -> /home/andersen/M30-RB_ws/src/Thesis_Workspace/install/yolov6/lib/python3.10/site-packages/yolov6/assigners
copying /home/andersen/M30-RB_ws/src/Thesis_Workspace/build/yolov6/build/lib/yolov6/assigners/atss_assigner.py -> /home/andersen/M30-RB_ws/src/Thesis_Workspace/install/yolov6/lib/python3.10/site-packages/yolov6/assigners
copying /home/andersen/M30-RB_ws/src/Thesis_Workspace/build/yolov6/build/lib/yolov6/assigners/iou2d_calculator.py -> /home/andersen/M30-RB_ws/src/Thesis_Workspace/install/yolov6/lib/python3.10/site-packages/yolov6/assigners
copying /home/andersen/M30-RB_ws/src/Thesis_Workspace/build/yolov6/build/lib/yolov6/assigners/anchor_generator.py -> /home/andersen/M30-RB_ws/src/Thesis_Workspace/install/yolov6/lib/python3.10/site-packages/yolov6/assigners
creating /home/andersen/M30-RB_ws/src/Thesis_Workspace/install/yolov6/lib/python3.10/site-packages/yolov6/data
copying /home/andersen/M30-RB_ws/src/Thesis_Workspace/build/yolov6/build/lib/yolov6/data/data_load.py -> /home/andersen/M30-RB_ws/src/Thesis_Workspace/install/yolov6/lib/python3.10/site-packages/yolov6/data
copying /home/andersen/M30-RB_ws/src/Thesis_Workspace/build/yolov6/build/lib/yolov6/data/voc2yolo.py -> /home/andersen/M30-RB_ws/src/Thesis_Workspace/install/yolov6/lib/python3.10/site-packages/yolov6/data
copying /home/andersen/M30-RB_ws/src/Thesis_Workspace/build/yolov6/build/lib/yolov6/data/data_augment.py -> /home/andersen/M30-RB_ws/src/Thesis_Workspace/install/yolov6/lib/python3.10/site-packages/yolov6/data
copying /home/andersen/M30-RB_ws/src/Thesis_Workspace/build/yolov6/build/lib/yolov6/data/datasets.py -> /home/andersen/M30-RB_ws/src/Thesis_Workspace/install/yolov6/lib/python3.10/site-packages/yolov6/data
copying /home/andersen/M30-RB_ws/src/Thesis_Workspace/build/yolov6/build/lib/yolov6/data/vis_dataset.py -> /home/andersen/M30-RB_ws/src/Thesis_Workspace/install/yolov6/lib/python3.10/site-packages/yolov6/data
creating /home/andersen/M30-RB_ws/src/Thesis_Workspace/install/yolov6/lib/python3.10/site-packages/yolov6/solver
copying /home/andersen/M30-RB_ws/src/Thesis_Workspace/build/yolov6/build/lib/yolov6/solver/build.py -> /home/andersen/M30-RB_ws/src/Thesis_Workspace/install/yolov6/lib/python3.10/site-packages/yolov6/solver
creating /home/andersen/M30-RB_ws/src/Thesis_Workspace/install/yolov6/lib/python3.10/site-packages/yolov6/models
creating /home/andersen/M30-RB_ws/src/Thesis_Workspace/install/yolov6/lib/python3.10/site-packages/yolov6/models/heads
copying /home/andersen/M30-RB_ws/src/Thesis_Workspace/build/yolov6/build/lib/yolov6/models/heads/effidehead_fuseab.py -> /home/andersen/M30-RB_ws/src/Thesis_Workspace/install/yolov6/lib/python3.10/site-packages/yolov6/models/heads
copying /home/andersen/M30-RB_ws/src/Thesis_Workspace/build/yolov6/build/lib/yolov6/models/heads/effidehead_distill_ns.py -> /home/andersen/M30-RB_ws/src/Thesis_Workspace/install/yolov6/lib/python3.10/site-packages/yolov6/models/heads
copying /home/andersen/M30-RB_ws/src/Thesis_Workspace/build/yolov6/build/lib/yolov6/models/heads/effidehead_lite.py -> /home/andersen/M30-RB_ws/src/Thesis_Workspace/install/yolov6/lib/python3.10/site-packages/yolov6/models/heads
copying /home/andersen/M30-RB_ws/src/Thesis_Workspace/build/yolov6/build/lib/yolov6/models/end2end.py -> /home/andersen/M30-RB_ws/src/Thesis_Workspace/install/yolov6/lib/python3.10/site-packages/yolov6/models
creating /home/andersen/M30-RB_ws/src/Thesis_Workspace/install/yolov6/lib/python3.10/site-packages/yolov6/models/losses
copying /home/andersen/M30-RB_ws/src/Thesis_Workspace/build/yolov6/build/lib/yolov6/models/losses/loss_distill_ns.py -> /home/andersen/M30-RB_ws/src/Thesis_Workspace/install/yolov6/lib/python3.10/site-packages/yolov6/models/losses
copying /home/andersen/M30-RB_ws/src/Thesis_Workspace/build/yolov6/build/lib/yolov6/models/losses/loss_fuseab.py -> /home/andersen/M30-RB_ws/src/Thesis_Workspace/install/yolov6/lib/python3.10/site-packages/yolov6/models/losses
copying /home/andersen/M30-RB_ws/src/Thesis_Workspace/build/yolov6/build/lib/yolov6/models/losses/loss.py -> /home/andersen/M30-RB_ws/src/Thesis_Workspace/install/yolov6/lib/python3.10/site-packages/yolov6/models/losses
copying /home/andersen/M30-RB_ws/src/Thesis_Workspace/build/yolov6/build/lib/yolov6/models/losses/loss_distill.py -> /home/andersen/M30-RB_ws/src/Thesis_Workspace/install/yolov6/lib/python3.10/site-packages/yolov6/models/losses
copying /home/andersen/M30-RB_ws/src/Thesis_Workspace/build/yolov6/build/lib/yolov6/models/reppan.py -> /home/andersen/M30-RB_ws/src/Thesis_Workspace/install/yolov6/lib/python3.10/site-packages/yolov6/models
copying /home/andersen/M30-RB_ws/src/Thesis_Workspace/build/yolov6/build/lib/yolov6/models/yolo_lite.py -> /home/andersen/M30-RB_ws/src/Thesis_Workspace/install/yolov6/lib/python3.10/site-packages/yolov6/models
copying /home/andersen/M30-RB_ws/src/Thesis_Workspace/build/yolov6/build/lib/yolov6/models/efficientrep.py -> /home/andersen/M30-RB_ws/src/Thesis_Workspace/install/yolov6/lib/python3.10/site-packages/yolov6/models
copying /home/andersen/M30-RB_ws/src/Thesis_Workspace/build/yolov6/build/lib/yolov6/models/yolo.py -> /home/andersen/M30-RB_ws/src/Thesis_Workspace/install/yolov6/lib/python3.10/site-packages/yolov6/models
copying /home/andersen/M30-RB_ws/src/Thesis_Workspace/build/yolov6/build/lib/yolov6/models/effidehead.py -> /home/andersen/M30-RB_ws/src/Thesis_Workspace/install/yolov6/lib/python3.10/site-packages/yolov6/models
creating /home/andersen/M30-RB_ws/src/Thesis_Workspace/install/yolov6/lib/python3.10/site-packages/yolov6/layers
copying /home/andersen/M30-RB_ws/src/Thesis_Workspace/build/yolov6/build/lib/yolov6/layers/dbb_transforms.py -> /home/andersen/M30-RB_ws/src/Thesis_Workspace/install/yolov6/lib/python3.10/site-packages/yolov6/layers
copying /home/andersen/M30-RB_ws/src/Thesis_Workspace/build/yolov6/build/lib/yolov6/layers/common.py -> /home/andersen/M30-RB_ws/src/Thesis_Workspace/install/yolov6/lib/python3.10/site-packages/yolov6/layers
byte-compiling /home/andersen/M30-RB_ws/src/Thesis_Workspace/install/yolov6/lib/python3.10/site-packages/yolov6/core/evaler.py to evaler.cpython-310.pyc
byte-compiling /home/andersen/M30-RB_ws/src/Thesis_Workspace/install/yolov6/lib/python3.10/site-packages/yolov6/core/inferer.py to inferer.cpython-310.pyc
byte-compiling /home/andersen/M30-RB_ws/src/Thesis_Workspace/install/yolov6/lib/python3.10/site-packages/yolov6/core/depth_cam.py to depth_cam.cpython-310.pyc
byte-compiling /home/andersen/M30-RB_ws/src/Thesis_Workspace/install/yolov6/lib/python3.10/site-packages/yolov6/core/engine.py to engine.cpython-310.pyc
byte-compiling /home/andersen/M30-RB_ws/src/Thesis_Workspace/install/yolov6/lib/python3.10/site-packages/yolov6/__init__.py to __init__.cpython-310.pyc
byte-compiling /home/andersen/M30-RB_ws/src/Thesis_Workspace/install/yolov6/lib/python3.10/site-packages/yolov6/utils/envs.py to envs.cpython-310.pyc
byte-compiling /home/andersen/M30-RB_ws/src/Thesis_Workspace/install/yolov6/lib/python3.10/site-packages/yolov6/utils/metrics.py to metrics.cpython-310.pyc
byte-compiling /home/andersen/M30-RB_ws/src/Thesis_Workspace/install/yolov6/lib/python3.10/site-packages/yolov6/utils/checkpoint.py to checkpoint.cpython-310.pyc
byte-compiling /home/andersen/M30-RB_ws/src/Thesis_Workspace/install/yolov6/lib/python3.10/site-packages/yolov6/utils/events.py to events.cpython-310.pyc
byte-compiling /home/andersen/M30-RB_ws/src/Thesis_Workspace/install/yolov6/lib/python3.10/site-packages/yolov6/utils/config.py to config.cpython-310.pyc
byte-compiling /home/andersen/M30-RB_ws/src/Thesis_Workspace/install/yolov6/lib/python3.10/site-packages/yolov6/utils/torch_utils.py to torch_utils.cpython-310.pyc
byte-compiling /home/andersen/M30-RB_ws/src/Thesis_Workspace/install/yolov6/lib/python3.10/site-packages/yolov6/utils/general.py to general.cpython-310.pyc
byte-compiling /home/andersen/M30-RB_ws/src/Thesis_Workspace/install/yolov6/lib/python3.10/site-packages/yolov6/utils/RepOptimizer.py to RepOptimizer.cpython-310.pyc
byte-compiling /home/andersen/M30-RB_ws/src/Thesis_Workspace/install/yolov6/lib/python3.10/site-packages/yolov6/utils/nms.py to nms.cpython-310.pyc
byte-compiling /home/andersen/M30-RB_ws/src/Thesis_Workspace/install/yolov6/lib/python3.10/site-packages/yolov6/utils/ema.py to ema.cpython-310.pyc
byte-compiling /home/andersen/M30-RB_ws/src/Thesis_Workspace/install/yolov6/lib/python3.10/site-packages/yolov6/utils/figure_iou.py to figure_iou.cpython-310.pyc
byte-compiling /home/andersen/M30-RB_ws/src/Thesis_Workspace/install/yolov6/lib/python3.10/site-packages/yolov6/assigners/assigner_utils.py to assigner_utils.cpython-310.pyc
byte-compiling /home/andersen/M30-RB_ws/src/Thesis_Workspace/install/yolov6/lib/python3.10/site-packages/yolov6/assigners/__init__.py to __init__.cpython-310.pyc
byte-compiling /home/andersen/M30-RB_ws/src/Thesis_Workspace/install/yolov6/lib/python3.10/site-packages/yolov6/assigners/tal_assigner.py to tal_assigner.cpython-310.pyc
byte-compiling /home/andersen/M30-RB_ws/src/Thesis_Workspace/install/yolov6/lib/python3.10/site-packages/yolov6/assigners/atss_assigner.py to atss_assigner.cpython-310.pyc
byte-compiling /home/andersen/M30-RB_ws/src/Thesis_Workspace/install/yolov6/lib/python3.10/site-packages/yolov6/assigners/iou2d_calculator.py to iou2d_calculator.cpython-310.pyc
byte-compiling /home/andersen/M30-RB_ws/src/Thesis_Workspace/install/yolov6/lib/python3.10/site-packages/yolov6/assigners/anchor_generator.py to anchor_generator.cpython-310.pyc
byte-compiling /home/andersen/M30-RB_ws/src/Thesis_Workspace/install/yolov6/lib/python3.10/site-packages/yolov6/data/data_load.py to data_load.cpython-310.pyc
byte-compiling /home/andersen/M30-RB_ws/src/Thesis_Workspace/install/yolov6/lib/python3.10/site-packages/yolov6/data/voc2yolo.py to voc2yolo.cpython-310.pyc
byte-compiling /home/andersen/M30-RB_ws/src/Thesis_Workspace/install/yolov6/lib/python3.10/site-packages/yolov6/data/data_augment.py to data_augment.cpython-310.pyc
byte-compiling /home/andersen/M30-RB_ws/src/Thesis_Workspace/install/yolov6/lib/python3.10/site-packages/yolov6/data/datasets.py to datasets.cpython-310.pyc
byte-compiling /home/andersen/M30-RB_ws/src/Thesis_Workspace/install/yolov6/lib/python3.10/site-packages/yolov6/data/vis_dataset.py to vis_dataset.cpython-310.pyc
byte-compiling /home/andersen/M30-RB_ws/src/Thesis_Workspace/install/yolov6/lib/python3.10/site-packages/yolov6/solver/build.py to build.cpython-310.pyc
byte-compiling /home/andersen/M30-RB_ws/src/Thesis_Workspace/install/yolov6/lib/python3.10/site-packages/yolov6/models/heads/effidehead_fuseab.py to effidehead_fuseab.cpython-310.pyc
byte-compiling /home/andersen/M30-RB_ws/src/Thesis_Workspace/install/yolov6/lib/python3.10/site-packages/yolov6/models/heads/effidehead_distill_ns.py to effidehead_distill_ns.cpython-310.pyc
byte-compiling /home/andersen/M30-RB_ws/src/Thesis_Workspace/install/yolov6/lib/python3.10/site-packages/yolov6/models/heads/effidehead_lite.py to effidehead_lite.cpython-310.pyc
byte-compiling /home/andersen/M30-RB_ws/src/Thesis_Workspace/install/yolov6/lib/python3.10/site-packages/yolov6/models/end2end.py to end2end.cpython-310.pyc
byte-compiling /home/andersen/M30-RB_ws/src/Thesis_Workspace/install/yolov6/lib/python3.10/site-packages/yolov6/models/losses/loss_distill_ns.py to loss_distill_ns.cpython-310.pyc
byte-compiling /home/andersen/M30-RB_ws/src/Thesis_Workspace/install/yolov6/lib/python3.10/site-packages/yolov6/models/losses/loss_fuseab.py to loss_fuseab.cpython-310.pyc
byte-compiling /home/andersen/M30-RB_ws/src/Thesis_Workspace/install/yolov6/lib/python3.10/site-packages/yolov6/models/losses/loss.py to loss.cpython-310.pyc
byte-compiling /home/andersen/M30-RB_ws/src/Thesis_Workspace/install/yolov6/lib/python3.10/site-packages/yolov6/models/losses/loss_distill.py to loss_distill.cpython-310.pyc
byte-compiling /home/andersen/M30-RB_ws/src/Thesis_Workspace/install/yolov6/lib/python3.10/site-packages/yolov6/models/reppan.py to reppan.cpython-310.pyc
byte-compiling /home/andersen/M30-RB_ws/src/Thesis_Workspace/install/yolov6/lib/python3.10/site-packages/yolov6/models/yolo_lite.py to yolo_lite.cpython-310.pyc
byte-compiling /home/andersen/M30-RB_ws/src/Thesis_Workspace/install/yolov6/lib/python3.10/site-packages/yolov6/models/efficientrep.py to efficientrep.cpython-310.pyc
byte-compiling /home/andersen/M30-RB_ws/src/Thesis_Workspace/install/yolov6/lib/python3.10/site-packages/yolov6/models/yolo.py to yolo.cpython-310.pyc
byte-compiling /home/andersen/M30-RB_ws/src/Thesis_Workspace/install/yolov6/lib/python3.10/site-packages/yolov6/models/effidehead.py to effidehead.cpython-310.pyc
byte-compiling /home/andersen/M30-RB_ws/src/Thesis_Workspace/install/yolov6/lib/python3.10/site-packages/yolov6/layers/dbb_transforms.py to dbb_transforms.cpython-310.pyc
byte-compiling /home/andersen/M30-RB_ws/src/Thesis_Workspace/install/yolov6/lib/python3.10/site-packages/yolov6/layers/common.py to common.cpython-310.pyc
running install_data
creating /home/andersen/M30-RB_ws/src/Thesis_Workspace/install/yolov6/share/ament_index
creating /home/andersen/M30-RB_ws/src/Thesis_Workspace/install/yolov6/share/ament_index/resource_index
creating /home/andersen/M30-RB_ws/src/Thesis_Workspace/install/yolov6/share/ament_index/resource_index/packages
copying resource/yolov6 -> /home/andersen/M30-RB_ws/src/Thesis_Workspace/install/yolov6/share/ament_index/resource_index/packages
copying package.xml -> /home/andersen/M30-RB_ws/src/Thesis_Workspace/install/yolov6/share/yolov6
running install_egg_info
Copying ../../build/yolov6/yolov6.egg-info to /home/andersen/M30-RB_ws/src/Thesis_Workspace/install/yolov6/lib/python3.10/site-packages/yolov6-0.0.0-py3.10.egg-info
running install_scripts
Installing depth_cam script to /home/andersen/M30-RB_ws/src/Thesis_Workspace/install/yolov6/lib/yolov6
Installing inferer script to /home/andersen/M30-RB_ws/src/Thesis_Workspace/install/yolov6/lib/yolov6
writing list of installed files to '/home/andersen/M30-RB_ws/src/Thesis_Workspace/build/yolov6/install.log'
