running egg_info
writing ../build/srobot_realistic_output/srobot_realistic_output.egg-info/PKG-INFO
writing dependency_links to ../build/srobot_realistic_output/srobot_realistic_output.egg-info/dependency_links.txt
writing entry points to ../build/srobot_realistic_output/srobot_realistic_output.egg-info/entry_points.txt
writing requirements to ../build/srobot_realistic_output/srobot_realistic_output.egg-info/requires.txt
writing top-level names to ../build/srobot_realistic_output/srobot_realistic_output.egg-info/top_level.txt
reading manifest file '../build/srobot_realistic_output/srobot_realistic_output.egg-info/SOURCES.txt'
writing manifest file '../build/srobot_realistic_output/srobot_realistic_output.egg-info/SOURCES.txt'
running build
running build_py
copying srobot_realistic_output/subscriber.py -> /home/andersen/M30-RB_ws/src/Thesis_Workspace/build/srobot_realistic_output/build/lib/srobot_realistic_output
copying srobot_realistic_output/publisher.py -> /home/andersen/M30-RB_ws/src/Thesis_Workspace/build/srobot_realistic_output/build/lib/srobot_realistic_output
running install
running install_lib
copying /home/andersen/M30-RB_ws/src/Thesis_Workspace/build/srobot_realistic_output/build/lib/srobot_realistic_output/subscriber.py -> /home/andersen/M30-RB_ws/src/Thesis_Workspace/install/srobot_realistic_output/lib/python3.10/site-packages/srobot_realistic_output
copying /home/andersen/M30-RB_ws/src/Thesis_Workspace/build/srobot_realistic_output/build/lib/srobot_realistic_output/publisher.py -> /home/andersen/M30-RB_ws/src/Thesis_Workspace/install/srobot_realistic_output/lib/python3.10/site-packages/srobot_realistic_output
byte-compiling /home/andersen/M30-RB_ws/src/Thesis_Workspace/install/srobot_realistic_output/lib/python3.10/site-packages/srobot_realistic_output/subscriber.py to subscriber.cpython-310.pyc
byte-compiling /home/andersen/M30-RB_ws/src/Thesis_Workspace/install/srobot_realistic_output/lib/python3.10/site-packages/srobot_realistic_output/publisher.py to publisher.cpython-310.pyc
running install_data
copying package.xml -> /home/andersen/M30-RB_ws/src/Thesis_Workspace/install/srobot_realistic_output/share/srobot_realistic_output
creating /home/andersen/M30-RB_ws/src/Thesis_Workspace/install/srobot_realistic_output/share/srobot_realistic_output/msg
copying msg/ClassifierAndDistance.msg -> /home/andersen/M30-RB_ws/src/Thesis_Workspace/install/srobot_realistic_output/share/srobot_realistic_output/msg
running install_egg_info
removing '/home/andersen/M30-RB_ws/src/Thesis_Workspace/install/srobot_realistic_output/lib/python3.10/site-packages/srobot_realistic_output-0.0.0-py3.10.egg-info' (and everything under it)
Copying ../build/srobot_realistic_output/srobot_realistic_output.egg-info to /home/andersen/M30-RB_ws/src/Thesis_Workspace/install/srobot_realistic_output/lib/python3.10/site-packages/srobot_realistic_output-0.0.0-py3.10.egg-info
running install_scripts
Installing publisher script to /home/andersen/M30-RB_ws/src/Thesis_Workspace/install/srobot_realistic_output/lib/srobot_realistic_output
Installing subscriber script to /home/andersen/M30-RB_ws/src/Thesis_Workspace/install/srobot_realistic_output/lib/srobot_realistic_output
writing list of installed files to '/home/andersen/M30-RB_ws/src/Thesis_Workspace/build/srobot_realistic_output/install.log'
