[4.385s] Invoking command in '/home/andersen/M30-RB_ws/src/Thesis_Workspace/srobot_realistic_output': PYTHONPATH=/home/andersen/M30-RB_ws/src/Thesis_Workspace/build/srobot_realistic_output/prefix_override:/home/andersen/M30-RB_ws/src/Thesis_Workspace/install/srobot_realistic_output/lib/python3.10/site-packages:${PYTHONPATH} /usr/bin/python3 -W ignore:setup.py install is deprecated setup.py egg_info --egg-base ../build/srobot_realistic_output build --build-base /home/andersen/M30-RB_ws/src/Thesis_Workspace/build/srobot_realistic_output/build install --record /home/andersen/M30-RB_ws/src/Thesis_Workspace/build/srobot_realistic_output/install.log --single-version-externally-managed install_data
[5.247s] running egg_info
[5.249s] writing ../build/srobot_realistic_output/srobot_realistic_output.egg-info/PKG-INFO
[5.250s] writing dependency_links to ../build/srobot_realistic_output/srobot_realistic_output.egg-info/dependency_links.txt
[5.252s] writing entry points to ../build/srobot_realistic_output/srobot_realistic_output.egg-info/entry_points.txt
[5.252s] writing requirements to ../build/srobot_realistic_output/srobot_realistic_output.egg-info/requires.txt
[5.253s] writing top-level names to ../build/srobot_realistic_output/srobot_realistic_output.egg-info/top_level.txt
[5.257s] reading manifest file '../build/srobot_realistic_output/srobot_realistic_output.egg-info/SOURCES.txt'
[5.260s] writing manifest file '../build/srobot_realistic_output/srobot_realistic_output.egg-info/SOURCES.txt'
[5.260s] running build
[5.260s] running build_py
[5.261s] copying srobot_realistic_output/subscriber.py -> /home/andersen/M30-RB_ws/src/Thesis_Workspace/build/srobot_realistic_output/build/lib/srobot_realistic_output
[5.262s] copying srobot_realistic_output/publisher.py -> /home/andersen/M30-RB_ws/src/Thesis_Workspace/build/srobot_realistic_output/build/lib/srobot_realistic_output
[5.263s] running install
[5.264s] running install_lib
[5.267s] copying /home/andersen/M30-RB_ws/src/Thesis_Workspace/build/srobot_realistic_output/build/lib/srobot_realistic_output/subscriber.py -> /home/andersen/M30-RB_ws/src/Thesis_Workspace/install/srobot_realistic_output/lib/python3.10/site-packages/srobot_realistic_output
[5.267s] copying /home/andersen/M30-RB_ws/src/Thesis_Workspace/build/srobot_realistic_output/build/lib/srobot_realistic_output/publisher.py -> /home/andersen/M30-RB_ws/src/Thesis_Workspace/install/srobot_realistic_output/lib/python3.10/site-packages/srobot_realistic_output
[5.269s] byte-compiling /home/andersen/M30-RB_ws/src/Thesis_Workspace/install/srobot_realistic_output/lib/python3.10/site-packages/srobot_realistic_output/subscriber.py to subscriber.cpython-310.pyc
[5.272s] byte-compiling /home/andersen/M30-RB_ws/src/Thesis_Workspace/install/srobot_realistic_output/lib/python3.10/site-packages/srobot_realistic_output/publisher.py to publisher.cpython-310.pyc
[5.274s] running install_data
[5.275s] copying package.xml -> /home/andersen/M30-RB_ws/src/Thesis_Workspace/install/srobot_realistic_output/share/srobot_realistic_output
[5.276s] creating /home/andersen/M30-RB_ws/src/Thesis_Workspace/install/srobot_realistic_output/share/srobot_realistic_output/msg
[5.277s] copying msg/ClassifierAndDistance.msg -> /home/andersen/M30-RB_ws/src/Thesis_Workspace/install/srobot_realistic_output/share/srobot_realistic_output/msg
[5.279s] running install_egg_info
[5.291s] removing '/home/andersen/M30-RB_ws/src/Thesis_Workspace/install/srobot_realistic_output/lib/python3.10/site-packages/srobot_realistic_output-0.0.0-py3.10.egg-info' (and everything under it)
[5.294s] Copying ../build/srobot_realistic_output/srobot_realistic_output.egg-info to /home/andersen/M30-RB_ws/src/Thesis_Workspace/install/srobot_realistic_output/lib/python3.10/site-packages/srobot_realistic_output-0.0.0-py3.10.egg-info
[5.299s] running install_scripts
[5.363s] Installing publisher script to /home/andersen/M30-RB_ws/src/Thesis_Workspace/install/srobot_realistic_output/lib/srobot_realistic_output
[5.363s] Installing subscriber script to /home/andersen/M30-RB_ws/src/Thesis_Workspace/install/srobot_realistic_output/lib/srobot_realistic_output
[5.364s] writing list of installed files to '/home/andersen/M30-RB_ws/src/Thesis_Workspace/build/srobot_realistic_output/install.log'
[5.517s] Invoked command in '/home/andersen/M30-RB_ws/src/Thesis_Workspace/srobot_realistic_output' returned '0': PYTHONPATH=/home/andersen/M30-RB_ws/src/Thesis_Workspace/build/srobot_realistic_output/prefix_override:/home/andersen/M30-RB_ws/src/Thesis_Workspace/install/srobot_realistic_output/lib/python3.10/site-packages:${PYTHONPATH} /usr/bin/python3 -W ignore:setup.py install is deprecated setup.py egg_info --egg-base ../build/srobot_realistic_output build --build-base /home/andersen/M30-RB_ws/src/Thesis_Workspace/build/srobot_realistic_output/build install --record /home/andersen/M30-RB_ws/src/Thesis_Workspace/build/srobot_realistic_output/install.log --single-version-externally-managed install_data
