[4.333s] Invoking command in '/home/andersen/M30-RB_ws/src/Thesis_Workspace/hds_and_website/ras_reliability_backend': PYTHONPATH=/home/andersen/M30-RB_ws/src/Thesis_Workspace/build/pyflask/prefix_override:/home/andersen/M30-RB_ws/src/Thesis_Workspace/install/pyflask/lib/python3.10/site-packages:${PYTHONPATH} /usr/bin/python3 -W ignore:setup.py install is deprecated setup.py egg_info --egg-base ../../build/pyflask build --build-base /home/andersen/M30-RB_ws/src/Thesis_Workspace/build/pyflask/build install --record /home/andersen/M30-RB_ws/src/Thesis_Workspace/build/pyflask/install.log --single-version-externally-managed install_data
[5.245s] running egg_info
[5.247s] writing ../../build/pyflask/pyflask.egg-info/PKG-INFO
[5.248s] writing dependency_links to ../../build/pyflask/pyflask.egg-info/dependency_links.txt
[5.249s] writing entry points to ../../build/pyflask/pyflask.egg-info/entry_points.txt
[5.249s] writing requirements to ../../build/pyflask/pyflask.egg-info/requires.txt
[5.250s] writing top-level names to ../../build/pyflask/pyflask.egg-info/top_level.txt
[5.261s] reading manifest file '../../build/pyflask/pyflask.egg-info/SOURCES.txt'
[5.263s] adding license file 'LICENSE'
[5.269s] writing manifest file '../../build/pyflask/pyflask.egg-info/SOURCES.txt'
[5.269s] running build
[5.269s] running build_py
[5.270s] copying pyflask/flasknoreload.py -> /home/andersen/M30-RB_ws/src/Thesis_Workspace/build/pyflask/build/lib/pyflask
[5.275s] copying pyflask/server.py -> /home/andersen/M30-RB_ws/src/Thesis_Workspace/build/pyflask/build/lib/pyflask
[5.277s] running install
[5.277s] running install_lib
[5.282s] copying /home/andersen/M30-RB_ws/src/Thesis_Workspace/build/pyflask/build/lib/pyflask/flasknoreload.py -> /home/andersen/M30-RB_ws/src/Thesis_Workspace/install/pyflask/lib/python3.10/site-packages/pyflask
[5.283s] copying /home/andersen/M30-RB_ws/src/Thesis_Workspace/build/pyflask/build/lib/pyflask/server.py -> /home/andersen/M30-RB_ws/src/Thesis_Workspace/install/pyflask/lib/python3.10/site-packages/pyflask
[5.285s] byte-compiling /home/andersen/M30-RB_ws/src/Thesis_Workspace/install/pyflask/lib/python3.10/site-packages/pyflask/flasknoreload.py to flasknoreload.cpython-310.pyc
[5.295s] byte-compiling /home/andersen/M30-RB_ws/src/Thesis_Workspace/install/pyflask/lib/python3.10/site-packages/pyflask/server.py to server.cpython-310.pyc
[5.304s] running install_data
[5.307s] copying pyflask/templates/index.html -> /home/andersen/M30-RB_ws/src/Thesis_Workspace/install/pyflask/share/pyflask/templates
[5.310s] running install_egg_info
[5.318s] removing '/home/andersen/M30-RB_ws/src/Thesis_Workspace/install/pyflask/lib/python3.10/site-packages/pyflask-0.0.0-py3.10.egg-info' (and everything under it)
[5.322s] Copying ../../build/pyflask/pyflask.egg-info to /home/andersen/M30-RB_ws/src/Thesis_Workspace/install/pyflask/lib/python3.10/site-packages/pyflask-0.0.0-py3.10.egg-info
[5.336s] running install_scripts
[5.400s] Installing cycle_dist script to /home/andersen/M30-RB_ws/src/Thesis_Workspace/install/pyflask/lib/pyflask
[5.400s] Installing robot script to /home/andersen/M30-RB_ws/src/Thesis_Workspace/install/pyflask/lib/pyflask
[5.401s] Installing server script to /home/andersen/M30-RB_ws/src/Thesis_Workspace/install/pyflask/lib/pyflask
[5.404s] Installing subtester script to /home/andersen/M30-RB_ws/src/Thesis_Workspace/install/pyflask/lib/pyflask
[5.408s] Installing talker script to /home/andersen/M30-RB_ws/src/Thesis_Workspace/install/pyflask/lib/pyflask
[5.411s] writing list of installed files to '/home/andersen/M30-RB_ws/src/Thesis_Workspace/build/pyflask/install.log'
[5.566s] Invoked command in '/home/andersen/M30-RB_ws/src/Thesis_Workspace/hds_and_website/ras_reliability_backend' returned '0': PYTHONPATH=/home/andersen/M30-RB_ws/src/Thesis_Workspace/build/pyflask/prefix_override:/home/andersen/M30-RB_ws/src/Thesis_Workspace/install/pyflask/lib/python3.10/site-packages:${PYTHONPATH} /usr/bin/python3 -W ignore:setup.py install is deprecated setup.py egg_info --egg-base ../../build/pyflask build --build-base /home/andersen/M30-RB_ws/src/Thesis_Workspace/build/pyflask/build install --record /home/andersen/M30-RB_ws/src/Thesis_Workspace/build/pyflask/install.log --single-version-externally-managed install_data
