[3.431s] Invoking command in '/home/andersen/M30-RB_ws/src/Thesis_Workspace/srobot_publisher': PYTHONPATH=/home/andersen/M30-RB_ws/src/Thesis_Workspace/build/srobot_publisher/prefix_override:/home/andersen/M30-RB_ws/src/Thesis_Workspace/install/srobot_publisher/lib/python3.10/site-packages:${PYTHONPATH} /usr/bin/python3 -W ignore:setup.py install is deprecated setup.py egg_info --egg-base ../build/srobot_publisher build --build-base /home/andersen/M30-RB_ws/src/Thesis_Workspace/build/srobot_publisher/build install --record /home/andersen/M30-RB_ws/src/Thesis_Workspace/build/srobot_publisher/install.log --single-version-externally-managed install_data
[4.028s] running egg_info
[4.029s] writing ../build/srobot_publisher/srobot_publisher.egg-info/PKG-INFO
[4.030s] writing dependency_links to ../build/srobot_publisher/srobot_publisher.egg-info/dependency_links.txt
[4.030s] writing entry points to ../build/srobot_publisher/srobot_publisher.egg-info/entry_points.txt
[4.030s] writing requirements to ../build/srobot_publisher/srobot_publisher.egg-info/requires.txt
[4.031s] writing top-level names to ../build/srobot_publisher/srobot_publisher.egg-info/top_level.txt
[4.035s] reading manifest file '../build/srobot_publisher/srobot_publisher.egg-info/SOURCES.txt'
[4.036s] writing manifest file '../build/srobot_publisher/srobot_publisher.egg-info/SOURCES.txt'
[4.036s] running build
[4.037s] running build_py
[4.037s] running install
[4.038s] running install_lib
[4.041s] running install_data
[4.041s] running install_egg_info
[4.044s] removing '/home/andersen/M30-RB_ws/src/Thesis_Workspace/install/srobot_publisher/lib/python3.10/site-packages/srobot_publisher-0.0.0-py3.10.egg-info' (and everything under it)
[4.045s] Copying ../build/srobot_publisher/srobot_publisher.egg-info to /home/andersen/M30-RB_ws/src/Thesis_Workspace/install/srobot_publisher/lib/python3.10/site-packages/srobot_publisher-0.0.0-py3.10.egg-info
[4.050s] running install_scripts
[4.089s] Installing publisher script to /home/andersen/M30-RB_ws/src/Thesis_Workspace/install/srobot_publisher/lib/srobot_publisher
[4.090s] writing list of installed files to '/home/andersen/M30-RB_ws/src/Thesis_Workspace/build/srobot_publisher/install.log'
[4.173s] Invoked command in '/home/andersen/M30-RB_ws/src/Thesis_Workspace/srobot_publisher' returned '0': PYTHONPATH=/home/andersen/M30-RB_ws/src/Thesis_Workspace/build/srobot_publisher/prefix_override:/home/andersen/M30-RB_ws/src/Thesis_Workspace/install/srobot_publisher/lib/python3.10/site-packages:${PYTHONPATH} /usr/bin/python3 -W ignore:setup.py install is deprecated setup.py egg_info --egg-base ../build/srobot_publisher build --build-base /home/andersen/M30-RB_ws/src/Thesis_Workspace/build/srobot_publisher/build install --record /home/andersen/M30-RB_ws/src/Thesis_Workspace/build/srobot_publisher/install.log --single-version-externally-managed install_data
