running egg_info
creating ../../build/pyflask/pyflask.egg-info
writing ../../build/pyflask/pyflask.egg-info/PKG-INFO
writing dependency_links to ../../build/pyflask/pyflask.egg-info/dependency_links.txt
writing entry points to ../../build/pyflask/pyflask.egg-info/entry_points.txt
writing requirements to ../../build/pyflask/pyflask.egg-info/requires.txt
writing top-level names to ../../build/pyflask/pyflask.egg-info/top_level.txt
writing manifest file '../../build/pyflask/pyflask.egg-info/SOURCES.txt'
reading manifest file '../../build/pyflask/pyflask.egg-info/SOURCES.txt'
adding license file 'LICENSE'
writing manifest file '../../build/pyflask/pyflask.egg-info/SOURCES.txt'
running build
running build_py
creating /home/andersen/M30-RB_ws/src/Thesis_Workspace/build/pyflask/build
creating /home/andersen/M30-RB_ws/src/Thesis_Workspace/build/pyflask/build/lib
creating /home/andersen/M30-RB_ws/src/Thesis_Workspace/build/pyflask/build/lib/pyflask
copying pyflask/flasknoreload.py -> /home/andersen/M30-RB_ws/src/Thesis_Workspace/build/pyflask/build/lib/pyflask
copying pyflask/server.py -> /home/andersen/M30-RB_ws/src/Thesis_Workspace/build/pyflask/build/lib/pyflask
copying pyflask/__init__.py -> /home/andersen/M30-RB_ws/src/Thesis_Workspace/build/pyflask/build/lib/pyflask
copying pyflask/HDS.py -> /home/andersen/M30-RB_ws/src/Thesis_Workspace/build/pyflask/build/lib/pyflask
copying pyflask/subtester.py -> /home/andersen/M30-RB_ws/src/Thesis_Workspace/build/pyflask/build/lib/pyflask
copying pyflask/publisher.py -> /home/andersen/M30-RB_ws/src/Thesis_Workspace/build/pyflask/build/lib/pyflask
copying pyflask/cycle_dist.py -> /home/andersen/M30-RB_ws/src/Thesis_Workspace/build/pyflask/build/lib/pyflask
running install
running install_lib
creating /home/andersen/M30-RB_ws/src/Thesis_Workspace/install/pyflask/lib/python3.10/site-packages/pyflask
copying /home/andersen/M30-RB_ws/src/Thesis_Workspace/build/pyflask/build/lib/pyflask/flasknoreload.py -> /home/andersen/M30-RB_ws/src/Thesis_Workspace/install/pyflask/lib/python3.10/site-packages/pyflask
copying /home/andersen/M30-RB_ws/src/Thesis_Workspace/build/pyflask/build/lib/pyflask/server.py -> /home/andersen/M30-RB_ws/src/Thesis_Workspace/install/pyflask/lib/python3.10/site-packages/pyflask
copying /home/andersen/M30-RB_ws/src/Thesis_Workspace/build/pyflask/build/lib/pyflask/__init__.py -> /home/andersen/M30-RB_ws/src/Thesis_Workspace/install/pyflask/lib/python3.10/site-packages/pyflask
copying /home/andersen/M30-RB_ws/src/Thesis_Workspace/build/pyflask/build/lib/pyflask/HDS.py -> /home/andersen/M30-RB_ws/src/Thesis_Workspace/install/pyflask/lib/python3.10/site-packages/pyflask
copying /home/andersen/M30-RB_ws/src/Thesis_Workspace/build/pyflask/build/lib/pyflask/subtester.py -> /home/andersen/M30-RB_ws/src/Thesis_Workspace/install/pyflask/lib/python3.10/site-packages/pyflask
copying /home/andersen/M30-RB_ws/src/Thesis_Workspace/build/pyflask/build/lib/pyflask/publisher.py -> /home/andersen/M30-RB_ws/src/Thesis_Workspace/install/pyflask/lib/python3.10/site-packages/pyflask
copying /home/andersen/M30-RB_ws/src/Thesis_Workspace/build/pyflask/build/lib/pyflask/cycle_dist.py -> /home/andersen/M30-RB_ws/src/Thesis_Workspace/install/pyflask/lib/python3.10/site-packages/pyflask
byte-compiling /home/andersen/M30-RB_ws/src/Thesis_Workspace/install/pyflask/lib/python3.10/site-packages/pyflask/flasknoreload.py to flasknoreload.cpython-310.pyc
byte-compiling /home/andersen/M30-RB_ws/src/Thesis_Workspace/install/pyflask/lib/python3.10/site-packages/pyflask/server.py to server.cpython-310.pyc
byte-compiling /home/andersen/M30-RB_ws/src/Thesis_Workspace/install/pyflask/lib/python3.10/site-packages/pyflask/__init__.py to __init__.cpython-310.pyc
byte-compiling /home/andersen/M30-RB_ws/src/Thesis_Workspace/install/pyflask/lib/python3.10/site-packages/pyflask/HDS.py to HDS.cpython-310.pyc
byte-compiling /home/andersen/M30-RB_ws/src/Thesis_Workspace/install/pyflask/lib/python3.10/site-packages/pyflask/subtester.py to subtester.cpython-310.pyc
byte-compiling /home/andersen/M30-RB_ws/src/Thesis_Workspace/install/pyflask/lib/python3.10/site-packages/pyflask/publisher.py to publisher.cpython-310.pyc
byte-compiling /home/andersen/M30-RB_ws/src/Thesis_Workspace/install/pyflask/lib/python3.10/site-packages/pyflask/cycle_dist.py to cycle_dist.cpython-310.pyc
running install_data
creating /home/andersen/M30-RB_ws/src/Thesis_Workspace/install/pyflask/share/ament_index
creating /home/andersen/M30-RB_ws/src/Thesis_Workspace/install/pyflask/share/ament_index/resource_index
creating /home/andersen/M30-RB_ws/src/Thesis_Workspace/install/pyflask/share/ament_index/resource_index/packages
copying resource/pyflask -> /home/andersen/M30-RB_ws/src/Thesis_Workspace/install/pyflask/share/ament_index/resource_index/packages
copying package.xml -> /home/andersen/M30-RB_ws/src/Thesis_Workspace/install/pyflask/share/pyflask
creating /home/andersen/M30-RB_ws/src/Thesis_Workspace/install/pyflask/share/pyflask/templates
copying pyflask/templates/index.html -> /home/andersen/M30-RB_ws/src/Thesis_Workspace/install/pyflask/share/pyflask/templates
creating /home/andersen/M30-RB_ws/src/Thesis_Workspace/install/pyflask/share/pyflask/static
copying pyflask/static/main.js -> /home/andersen/M30-RB_ws/src/Thesis_Workspace/install/pyflask/share/pyflask/static
creating /home/andersen/M30-RB_ws/src/Thesis_Workspace/install/pyflask/share/pyflask/launch
copying launch/my_launch_file.launch.py -> /home/andersen/M30-RB_ws/src/Thesis_Workspace/install/pyflask/share/pyflask/launch
copying launch/masterthesis.launch.py -> /home/andersen/M30-RB_ws/src/Thesis_Workspace/install/pyflask/share/pyflask/launch
running install_egg_info
Copying ../../build/pyflask/pyflask.egg-info to /home/andersen/M30-RB_ws/src/Thesis_Workspace/install/pyflask/lib/python3.10/site-packages/pyflask-0.0.0-py3.10.egg-info
running install_scripts
Installing cycle_dist script to /home/andersen/M30-RB_ws/src/Thesis_Workspace/install/pyflask/lib/pyflask
Installing robot script to /home/andersen/M30-RB_ws/src/Thesis_Workspace/install/pyflask/lib/pyflask
Installing server script to /home/andersen/M30-RB_ws/src/Thesis_Workspace/install/pyflask/lib/pyflask
Installing subtester script to /home/andersen/M30-RB_ws/src/Thesis_Workspace/install/pyflask/lib/pyflask
Installing talker script to /home/andersen/M30-RB_ws/src/Thesis_Workspace/install/pyflask/lib/pyflask
writing list of installed files to '/home/andersen/M30-RB_ws/src/Thesis_Workspace/build/pyflask/install.log'
