[3.362s] Invoking command in '/home/andersen/M30-RB_ws/src/Thesis_Workspace/hds_and_website/ras_reliability_backend': PYTHONPATH=/home/andersen/M30-RB_ws/src/Thesis_Workspace/build/pyflask/prefix_override:/home/andersen/M30-RB_ws/src/Thesis_Workspace/install/pyflask/lib/python3.10/site-packages:${PYTHONPATH} /usr/bin/python3 -W ignore:setup.py install is deprecated setup.py egg_info --egg-base ../../build/pyflask build --build-base /home/andersen/M30-RB_ws/src/Thesis_Workspace/build/pyflask/build install --record /home/andersen/M30-RB_ws/src/Thesis_Workspace/build/pyflask/install.log --single-version-externally-managed install_data
[4.105s] running egg_info
[4.106s] creating ../../build/pyflask/pyflask.egg-info
[4.107s] writing ../../build/pyflask/pyflask.egg-info/PKG-INFO
[4.108s] writing dependency_links to ../../build/pyflask/pyflask.egg-info/dependency_links.txt
[4.108s] writing entry points to ../../build/pyflask/pyflask.egg-info/entry_points.txt
[4.108s] writing requirements to ../../build/pyflask/pyflask.egg-info/requires.txt
[4.109s] writing top-level names to ../../build/pyflask/pyflask.egg-info/top_level.txt
[4.109s] writing manifest file '../../build/pyflask/pyflask.egg-info/SOURCES.txt'
[4.115s] reading manifest file '../../build/pyflask/pyflask.egg-info/SOURCES.txt'
[4.115s] adding license file 'LICENSE'
[4.117s] writing manifest file '../../build/pyflask/pyflask.egg-info/SOURCES.txt'
[4.117s] running build
[4.118s] running build_py
[4.118s] creating /home/andersen/M30-RB_ws/src/Thesis_Workspace/build/pyflask/build
[4.119s] creating /home/andersen/M30-RB_ws/src/Thesis_Workspace/build/pyflask/build/lib
[4.120s] creating /home/andersen/M30-RB_ws/src/Thesis_Workspace/build/pyflask/build/lib/pyflask
[4.120s] copying pyflask/flasknoreload.py -> /home/andersen/M30-RB_ws/src/Thesis_Workspace/build/pyflask/build/lib/pyflask
[4.120s] copying pyflask/server.py -> /home/andersen/M30-RB_ws/src/Thesis_Workspace/build/pyflask/build/lib/pyflask
[4.120s] copying pyflask/__init__.py -> /home/andersen/M30-RB_ws/src/Thesis_Workspace/build/pyflask/build/lib/pyflask
[4.121s] copying pyflask/HDS.py -> /home/andersen/M30-RB_ws/src/Thesis_Workspace/build/pyflask/build/lib/pyflask
[4.121s] copying pyflask/subtester.py -> /home/andersen/M30-RB_ws/src/Thesis_Workspace/build/pyflask/build/lib/pyflask
[4.121s] copying pyflask/publisher.py -> /home/andersen/M30-RB_ws/src/Thesis_Workspace/build/pyflask/build/lib/pyflask
[4.122s] copying pyflask/cycle_dist.py -> /home/andersen/M30-RB_ws/src/Thesis_Workspace/build/pyflask/build/lib/pyflask
[4.122s] running install
[4.123s] running install_lib
[4.124s] creating /home/andersen/M30-RB_ws/src/Thesis_Workspace/install/pyflask/lib/python3.10/site-packages/pyflask
[4.125s] copying /home/andersen/M30-RB_ws/src/Thesis_Workspace/build/pyflask/build/lib/pyflask/flasknoreload.py -> /home/andersen/M30-RB_ws/src/Thesis_Workspace/install/pyflask/lib/python3.10/site-packages/pyflask
[4.125s] copying /home/andersen/M30-RB_ws/src/Thesis_Workspace/build/pyflask/build/lib/pyflask/server.py -> /home/andersen/M30-RB_ws/src/Thesis_Workspace/install/pyflask/lib/python3.10/site-packages/pyflask
[4.125s] copying /home/andersen/M30-RB_ws/src/Thesis_Workspace/build/pyflask/build/lib/pyflask/__init__.py -> /home/andersen/M30-RB_ws/src/Thesis_Workspace/install/pyflask/lib/python3.10/site-packages/pyflask
[4.126s] copying /home/andersen/M30-RB_ws/src/Thesis_Workspace/build/pyflask/build/lib/pyflask/HDS.py -> /home/andersen/M30-RB_ws/src/Thesis_Workspace/install/pyflask/lib/python3.10/site-packages/pyflask
[4.126s] copying /home/andersen/M30-RB_ws/src/Thesis_Workspace/build/pyflask/build/lib/pyflask/subtester.py -> /home/andersen/M30-RB_ws/src/Thesis_Workspace/install/pyflask/lib/python3.10/site-packages/pyflask
[4.126s] copying /home/andersen/M30-RB_ws/src/Thesis_Workspace/build/pyflask/build/lib/pyflask/publisher.py -> /home/andersen/M30-RB_ws/src/Thesis_Workspace/install/pyflask/lib/python3.10/site-packages/pyflask
[4.126s] copying /home/andersen/M30-RB_ws/src/Thesis_Workspace/build/pyflask/build/lib/pyflask/cycle_dist.py -> /home/andersen/M30-RB_ws/src/Thesis_Workspace/install/pyflask/lib/python3.10/site-packages/pyflask
[4.132s] byte-compiling /home/andersen/M30-RB_ws/src/Thesis_Workspace/install/pyflask/lib/python3.10/site-packages/pyflask/flasknoreload.py to flasknoreload.cpython-310.pyc
[4.135s] byte-compiling /home/andersen/M30-RB_ws/src/Thesis_Workspace/install/pyflask/lib/python3.10/site-packages/pyflask/server.py to server.cpython-310.pyc
[4.144s] byte-compiling /home/andersen/M30-RB_ws/src/Thesis_Workspace/install/pyflask/lib/python3.10/site-packages/pyflask/__init__.py to __init__.cpython-310.pyc
[4.145s] byte-compiling /home/andersen/M30-RB_ws/src/Thesis_Workspace/install/pyflask/lib/python3.10/site-packages/pyflask/HDS.py to HDS.cpython-310.pyc
[4.146s] byte-compiling /home/andersen/M30-RB_ws/src/Thesis_Workspace/install/pyflask/lib/python3.10/site-packages/pyflask/subtester.py to subtester.cpython-310.pyc
[4.147s] byte-compiling /home/andersen/M30-RB_ws/src/Thesis_Workspace/install/pyflask/lib/python3.10/site-packages/pyflask/publisher.py to publisher.cpython-310.pyc
[4.148s] byte-compiling /home/andersen/M30-RB_ws/src/Thesis_Workspace/install/pyflask/lib/python3.10/site-packages/pyflask/cycle_dist.py to cycle_dist.cpython-310.pyc
[4.149s] running install_data
[4.150s] creating /home/andersen/M30-RB_ws/src/Thesis_Workspace/install/pyflask/share/ament_index
[4.151s] creating /home/andersen/M30-RB_ws/src/Thesis_Workspace/install/pyflask/share/ament_index/resource_index
[4.151s] creating /home/andersen/M30-RB_ws/src/Thesis_Workspace/install/pyflask/share/ament_index/resource_index/packages
[4.151s] copying resource/pyflask -> /home/andersen/M30-RB_ws/src/Thesis_Workspace/install/pyflask/share/ament_index/resource_index/packages
[4.152s] copying package.xml -> /home/andersen/M30-RB_ws/src/Thesis_Workspace/install/pyflask/share/pyflask
[4.152s] creating /home/andersen/M30-RB_ws/src/Thesis_Workspace/install/pyflask/share/pyflask/templates
[4.152s] copying pyflask/templates/index.html -> /home/andersen/M30-RB_ws/src/Thesis_Workspace/install/pyflask/share/pyflask/templates
[4.153s] creating /home/andersen/M30-RB_ws/src/Thesis_Workspace/install/pyflask/share/pyflask/static
[4.153s] copying pyflask/static/main.js -> /home/andersen/M30-RB_ws/src/Thesis_Workspace/install/pyflask/share/pyflask/static
[4.153s] creating /home/andersen/M30-RB_ws/src/Thesis_Workspace/install/pyflask/share/pyflask/launch
[4.154s] copying launch/my_launch_file.launch.py -> /home/andersen/M30-RB_ws/src/Thesis_Workspace/install/pyflask/share/pyflask/launch
[4.154s] copying launch/masterthesis.launch.py -> /home/andersen/M30-RB_ws/src/Thesis_Workspace/install/pyflask/share/pyflask/launch
[4.154s] running install_egg_info
[4.160s] Copying ../../build/pyflask/pyflask.egg-info to /home/andersen/M30-RB_ws/src/Thesis_Workspace/install/pyflask/lib/python3.10/site-packages/pyflask-0.0.0-py3.10.egg-info
[4.163s] running install_scripts
[4.235s] Installing cycle_dist script to /home/andersen/M30-RB_ws/src/Thesis_Workspace/install/pyflask/lib/pyflask
[4.236s] Installing robot script to /home/andersen/M30-RB_ws/src/Thesis_Workspace/install/pyflask/lib/pyflask
[4.236s] Installing server script to /home/andersen/M30-RB_ws/src/Thesis_Workspace/install/pyflask/lib/pyflask
[4.236s] Installing subtester script to /home/andersen/M30-RB_ws/src/Thesis_Workspace/install/pyflask/lib/pyflask
[4.236s] Installing talker script to /home/andersen/M30-RB_ws/src/Thesis_Workspace/install/pyflask/lib/pyflask
[4.236s] writing list of installed files to '/home/andersen/M30-RB_ws/src/Thesis_Workspace/build/pyflask/install.log'
[4.325s] Invoked command in '/home/andersen/M30-RB_ws/src/Thesis_Workspace/hds_and_website/ras_reliability_backend' returned '0': PYTHONPATH=/home/andersen/M30-RB_ws/src/Thesis_Workspace/build/pyflask/prefix_override:/home/andersen/M30-RB_ws/src/Thesis_Workspace/install/pyflask/lib/python3.10/site-packages:${PYTHONPATH} /usr/bin/python3 -W ignore:setup.py install is deprecated setup.py egg_info --egg-base ../../build/pyflask build --build-base /home/andersen/M30-RB_ws/src/Thesis_Workspace/build/pyflask/build install --record /home/andersen/M30-RB_ws/src/Thesis_Workspace/build/pyflask/install.log --single-version-externally-managed install_data
