[4.371s] Invoking command in '/home/andersen/M30-RB_ws/src/Thesis_Workspace/node_manager': PYTHONPATH=/home/andersen/M30-RB_ws/src/Thesis_Workspace/build/node_manager/prefix_override:/home/andersen/M30-RB_ws/src/Thesis_Workspace/install/node_manager/lib/python3.10/site-packages:${PYTHONPATH} /usr/bin/python3 -W ignore:setup.py install is deprecated setup.py egg_info --egg-base ../build/node_manager build --build-base /home/andersen/M30-RB_ws/src/Thesis_Workspace/build/node_manager/build install --record /home/andersen/M30-RB_ws/src/Thesis_Workspace/build/node_manager/install.log --single-version-externally-managed install_data
[5.204s] running egg_info
[5.205s] writing ../build/node_manager/node_manager.egg-info/PKG-INFO
[5.205s] writing dependency_links to ../build/node_manager/node_manager.egg-info/dependency_links.txt
[5.205s] writing entry points to ../build/node_manager/node_manager.egg-info/entry_points.txt
[5.205s] writing requirements to ../build/node_manager/node_manager.egg-info/requires.txt
[5.205s] writing top-level names to ../build/node_manager/node_manager.egg-info/top_level.txt
[5.209s] reading manifest file '../build/node_manager/node_manager.egg-info/SOURCES.txt'
[5.212s] writing manifest file '../build/node_manager/node_manager.egg-info/SOURCES.txt'
[5.213s] running build
[5.213s] running build_py
[5.216s] running install
[5.217s] running install_lib
[5.228s] running install_data
[5.229s] running install_egg_info
[5.235s] removing '/home/andersen/M30-RB_ws/src/Thesis_Workspace/install/node_manager/lib/python3.10/site-packages/node_manager-0.0.0-py3.10.egg-info' (and everything under it)
[5.243s] Copying ../build/node_manager/node_manager.egg-info to /home/andersen/M30-RB_ws/src/Thesis_Workspace/install/node_manager/lib/python3.10/site-packages/node_manager-0.0.0-py3.10.egg-info
[5.251s] running install_scripts
[5.312s] Installing node_manager script to /home/andersen/M30-RB_ws/src/Thesis_Workspace/install/node_manager/bin
[5.313s] writing list of installed files to '/home/andersen/M30-RB_ws/src/Thesis_Workspace/build/node_manager/install.log'
[5.422s] Invoked command in '/home/andersen/M30-RB_ws/src/Thesis_Workspace/node_manager' returned '0': PYTHONPATH=/home/andersen/M30-RB_ws/src/Thesis_Workspace/build/node_manager/prefix_override:/home/andersen/M30-RB_ws/src/Thesis_Workspace/install/node_manager/lib/python3.10/site-packages:${PYTHONPATH} /usr/bin/python3 -W ignore:setup.py install is deprecated setup.py egg_info --egg-base ../build/node_manager build --build-base /home/andersen/M30-RB_ws/src/Thesis_Workspace/build/node_manager/build install --record /home/andersen/M30-RB_ws/src/Thesis_Workspace/build/node_manager/install.log --single-version-externally-managed install_data
