[3.846s] Invoking command in '/home/andersen/M30-RB_ws/src/Thesis_Workspace/srobot_publisher': PYTHONPATH=/home/andersen/M30-RB_ws/src/Thesis_Workspace/build/srobot_publisher/prefix_override:/home/andersen/M30-RB_ws/src/Thesis_Workspace/install/srobot_publisher/lib/python3.10/site-packages:${PYTHONPATH} /usr/bin/python3 -W ignore:setup.py install is deprecated setup.py egg_info --egg-base ../build/srobot_publisher build --build-base /home/andersen/M30-RB_ws/src/Thesis_Workspace/build/srobot_publisher/build install --record /home/andersen/M30-RB_ws/src/Thesis_Workspace/build/srobot_publisher/install.log --single-version-externally-managed install_data
[4.461s] running egg_info
[4.463s] writing ../build/srobot_publisher/srobot_publisher.egg-info/PKG-INFO
[4.463s] writing dependency_links to ../build/srobot_publisher/srobot_publisher.egg-info/dependency_links.txt
[4.463s] writing entry points to ../build/srobot_publisher/srobot_publisher.egg-info/entry_points.txt
[4.464s] writing requirements to ../build/srobot_publisher/srobot_publisher.egg-info/requires.txt
[4.464s] writing top-level names to ../build/srobot_publisher/srobot_publisher.egg-info/top_level.txt
[4.469s] reading manifest file '../build/srobot_publisher/srobot_publisher.egg-info/SOURCES.txt'
[4.471s] writing manifest file '../build/srobot_publisher/srobot_publisher.egg-info/SOURCES.txt'
[4.471s] running build
[4.472s] running build_py
[4.473s] running install
[4.474s] running install_lib
[4.478s] running install_data
[4.478s] running install_egg_info
[4.482s] removing '/home/andersen/M30-RB_ws/src/Thesis_Workspace/install/srobot_publisher/lib/python3.10/site-packages/srobot_publisher-0.0.0-py3.10.egg-info' (and everything under it)
[4.484s] Copying ../build/srobot_publisher/srobot_publisher.egg-info to /home/andersen/M30-RB_ws/src/Thesis_Workspace/install/srobot_publisher/lib/python3.10/site-packages/srobot_publisher-0.0.0-py3.10.egg-info
[4.486s] running install_scripts
[4.534s] Installing publisher script to /home/andersen/M30-RB_ws/src/Thesis_Workspace/install/srobot_publisher/lib/srobot_publisher
[4.536s] writing list of installed files to '/home/andersen/M30-RB_ws/src/Thesis_Workspace/build/srobot_publisher/install.log'
[4.615s] Invoked command in '/home/andersen/M30-RB_ws/src/Thesis_Workspace/srobot_publisher' returned '0': PYTHONPATH=/home/andersen/M30-RB_ws/src/Thesis_Workspace/build/srobot_publisher/prefix_override:/home/andersen/M30-RB_ws/src/Thesis_Workspace/install/srobot_publisher/lib/python3.10/site-packages:${PYTHONPATH} /usr/bin/python3 -W ignore:setup.py install is deprecated setup.py egg_info --egg-base ../build/srobot_publisher build --build-base /home/andersen/M30-RB_ws/src/Thesis_Workspace/build/srobot_publisher/build install --record /home/andersen/M30-RB_ws/src/Thesis_Workspace/build/srobot_publisher/install.log --single-version-externally-managed install_data
