running egg_info
creating ../build/node_manager/node_manager.egg-info
writing ../build/node_manager/node_manager.egg-info/PKG-INFO
writing dependency_links to ../build/node_manager/node_manager.egg-info/dependency_links.txt
writing entry points to ../build/node_manager/node_manager.egg-info/entry_points.txt
writing requirements to ../build/node_manager/node_manager.egg-info/requires.txt
writing top-level names to ../build/node_manager/node_manager.egg-info/top_level.txt
writing manifest file '../build/node_manager/node_manager.egg-info/SOURCES.txt'
reading manifest file '../build/node_manager/node_manager.egg-info/SOURCES.txt'
writing manifest file '../build/node_manager/node_manager.egg-info/SOURCES.txt'
running build
running build_py
creating /home/andersen/M30-RB_ws/src/Thesis_Workspace/build/node_manager/build
creating /home/andersen/M30-RB_ws/src/Thesis_Workspace/build/node_manager/build/lib
creating /home/andersen/M30-RB_ws/src/Thesis_Workspace/build/node_manager/build/lib/node_manager
copying node_manager/node_manager.py -> /home/andersen/M30-RB_ws/src/Thesis_Workspace/build/node_manager/build/lib/node_manager
copying node_manager/__init__.py -> /home/andersen/M30-RB_ws/src/Thesis_Workspace/build/node_manager/build/lib/node_manager
running install
running install_lib
creating /home/andersen/M30-RB_ws/src/Thesis_Workspace/install/node_manager/lib/python3.10/site-packages/node_manager
copying /home/andersen/M30-RB_ws/src/Thesis_Workspace/build/node_manager/build/lib/node_manager/node_manager.py -> /home/andersen/M30-RB_ws/src/Thesis_Workspace/install/node_manager/lib/python3.10/site-packages/node_manager
copying /home/andersen/M30-RB_ws/src/Thesis_Workspace/build/node_manager/build/lib/node_manager/__init__.py -> /home/andersen/M30-RB_ws/src/Thesis_Workspace/install/node_manager/lib/python3.10/site-packages/node_manager
byte-compiling /home/andersen/M30-RB_ws/src/Thesis_Workspace/install/node_manager/lib/python3.10/site-packages/node_manager/node_manager.py to node_manager.cpython-310.pyc
byte-compiling /home/andersen/M30-RB_ws/src/Thesis_Workspace/install/node_manager/lib/python3.10/site-packages/node_manager/__init__.py to __init__.cpython-310.pyc
running install_data
creating /home/andersen/M30-RB_ws/src/Thesis_Workspace/install/node_manager/share/ament_index
creating /home/andersen/M30-RB_ws/src/Thesis_Workspace/install/node_manager/share/ament_index/resource_index
creating /home/andersen/M30-RB_ws/src/Thesis_Workspace/install/node_manager/share/ament_index/resource_index/packages
copying resource/node_manager -> /home/andersen/M30-RB_ws/src/Thesis_Workspace/install/node_manager/share/ament_index/resource_index/packages
copying package.xml -> /home/andersen/M30-RB_ws/src/Thesis_Workspace/install/node_manager/share/node_manager
running install_egg_info
Copying ../build/node_manager/node_manager.egg-info to /home/andersen/M30-RB_ws/src/Thesis_Workspace/install/node_manager/lib/python3.10/site-packages/node_manager-0.0.0-py3.10.egg-info
running install_scripts
Installing node_manager script to /home/andersen/M30-RB_ws/src/Thesis_Workspace/install/node_manager/bin
writing list of installed files to '/home/andersen/M30-RB_ws/src/Thesis_Workspace/build/node_manager/install.log'
