[3.279s] Invoking command in '/home/andersen/M30-RB_ws/src/Thesis_Workspace/node_manager': PYTHONPATH=/home/andersen/M30-RB_ws/src/Thesis_Workspace/build/node_manager/prefix_override:/home/andersen/M30-RB_ws/src/Thesis_Workspace/install/node_manager/lib/python3.10/site-packages:${PYTHONPATH} /usr/bin/python3 -W ignore:setup.py install is deprecated setup.py egg_info --egg-base ../build/node_manager build --build-base /home/andersen/M30-RB_ws/src/Thesis_Workspace/build/node_manager/build install --record /home/andersen/M30-RB_ws/src/Thesis_Workspace/build/node_manager/install.log --single-version-externally-managed install_data
[4.154s] running egg_info
[4.156s] creating ../build/node_manager/node_manager.egg-info
[4.156s] writing ../build/node_manager/node_manager.egg-info/PKG-INFO
[4.157s] writing dependency_links to ../build/node_manager/node_manager.egg-info/dependency_links.txt
[4.158s] writing entry points to ../build/node_manager/node_manager.egg-info/entry_points.txt
[4.158s] writing requirements to ../build/node_manager/node_manager.egg-info/requires.txt
[4.165s] writing top-level names to ../build/node_manager/node_manager.egg-info/top_level.txt
[4.166s] writing manifest file '../build/node_manager/node_manager.egg-info/SOURCES.txt'
[4.170s] reading manifest file '../build/node_manager/node_manager.egg-info/SOURCES.txt'
[4.173s] writing manifest file '../build/node_manager/node_manager.egg-info/SOURCES.txt'
[4.173s] running build
[4.173s] running build_py
[4.174s] creating /home/andersen/M30-RB_ws/src/Thesis_Workspace/build/node_manager/build
[4.174s] creating /home/andersen/M30-RB_ws/src/Thesis_Workspace/build/node_manager/build/lib
[4.174s] creating /home/andersen/M30-RB_ws/src/Thesis_Workspace/build/node_manager/build/lib/node_manager
[4.174s] copying node_manager/node_manager.py -> /home/andersen/M30-RB_ws/src/Thesis_Workspace/build/node_manager/build/lib/node_manager
[4.175s] copying node_manager/__init__.py -> /home/andersen/M30-RB_ws/src/Thesis_Workspace/build/node_manager/build/lib/node_manager
[4.175s] running install
[4.176s] running install_lib
[4.179s] creating /home/andersen/M30-RB_ws/src/Thesis_Workspace/install/node_manager/lib/python3.10/site-packages/node_manager
[4.179s] copying /home/andersen/M30-RB_ws/src/Thesis_Workspace/build/node_manager/build/lib/node_manager/node_manager.py -> /home/andersen/M30-RB_ws/src/Thesis_Workspace/install/node_manager/lib/python3.10/site-packages/node_manager
[4.179s] copying /home/andersen/M30-RB_ws/src/Thesis_Workspace/build/node_manager/build/lib/node_manager/__init__.py -> /home/andersen/M30-RB_ws/src/Thesis_Workspace/install/node_manager/lib/python3.10/site-packages/node_manager
[4.181s] byte-compiling /home/andersen/M30-RB_ws/src/Thesis_Workspace/install/node_manager/lib/python3.10/site-packages/node_manager/node_manager.py to node_manager.cpython-310.pyc
[4.182s] byte-compiling /home/andersen/M30-RB_ws/src/Thesis_Workspace/install/node_manager/lib/python3.10/site-packages/node_manager/__init__.py to __init__.cpython-310.pyc
[4.183s] running install_data
[4.184s] creating /home/andersen/M30-RB_ws/src/Thesis_Workspace/install/node_manager/share/ament_index
[4.184s] creating /home/andersen/M30-RB_ws/src/Thesis_Workspace/install/node_manager/share/ament_index/resource_index
[4.184s] creating /home/andersen/M30-RB_ws/src/Thesis_Workspace/install/node_manager/share/ament_index/resource_index/packages
[4.185s] copying resource/node_manager -> /home/andersen/M30-RB_ws/src/Thesis_Workspace/install/node_manager/share/ament_index/resource_index/packages
[4.185s] copying package.xml -> /home/andersen/M30-RB_ws/src/Thesis_Workspace/install/node_manager/share/node_manager
[4.186s] running install_egg_info
[4.191s] Copying ../build/node_manager/node_manager.egg-info to /home/andersen/M30-RB_ws/src/Thesis_Workspace/install/node_manager/lib/python3.10/site-packages/node_manager-0.0.0-py3.10.egg-info
[4.195s] running install_scripts
[4.246s] Installing node_manager script to /home/andersen/M30-RB_ws/src/Thesis_Workspace/install/node_manager/bin
[4.246s] writing list of installed files to '/home/andersen/M30-RB_ws/src/Thesis_Workspace/build/node_manager/install.log'
[4.345s] Invoked command in '/home/andersen/M30-RB_ws/src/Thesis_Workspace/node_manager' returned '0': PYTHONPATH=/home/andersen/M30-RB_ws/src/Thesis_Workspace/build/node_manager/prefix_override:/home/andersen/M30-RB_ws/src/Thesis_Workspace/install/node_manager/lib/python3.10/site-packages:${PYTHONPATH} /usr/bin/python3 -W ignore:setup.py install is deprecated setup.py egg_info --egg-base ../build/node_manager build --build-base /home/andersen/M30-RB_ws/src/Thesis_Workspace/build/node_manager/build install --record /home/andersen/M30-RB_ws/src/Thesis_Workspace/build/node_manager/install.log --single-version-externally-managed install_data
