[3.334s] Invoking command in '/home/andersen/M30-RB_ws/src/Thesis_Workspace/node_manager': PYTHONPATH=/home/andersen/M30-RB_ws/src/Thesis_Workspace/build/node_manager/prefix_override:/home/andersen/M30-RB_ws/src/Thesis_Workspace/install/node_manager/lib/python3.10/site-packages:${PYTHONPATH} /usr/bin/python3 -W ignore:setup.py install is deprecated setup.py egg_info --egg-base ../build/node_manager build --build-base /home/andersen/M30-RB_ws/src/Thesis_Workspace/build/node_manager/build install --record /home/andersen/M30-RB_ws/src/Thesis_Workspace/build/node_manager/install.log --single-version-externally-managed install_data
[4.009s] running egg_info
[4.012s] writing ../build/node_manager/node_manager.egg-info/PKG-INFO
[4.012s] writing dependency_links to ../build/node_manager/node_manager.egg-info/dependency_links.txt
[4.012s] writing entry points to ../build/node_manager/node_manager.egg-info/entry_points.txt
[4.013s] writing requirements to ../build/node_manager/node_manager.egg-info/requires.txt
[4.013s] writing top-level names to ../build/node_manager/node_manager.egg-info/top_level.txt
[4.018s] reading manifest file '../build/node_manager/node_manager.egg-info/SOURCES.txt'
[4.020s] writing manifest file '../build/node_manager/node_manager.egg-info/SOURCES.txt'
[4.022s] running build
[4.022s] running build_py
[4.022s] running install
[4.023s] running install_lib
[4.026s] running install_data
[4.026s] running install_egg_info
[4.029s] removing '/home/andersen/M30-RB_ws/src/Thesis_Workspace/install/node_manager/lib/python3.10/site-packages/node_manager-0.0.0-py3.10.egg-info' (and everything under it)
[4.030s] Copying ../build/node_manager/node_manager.egg-info to /home/andersen/M30-RB_ws/src/Thesis_Workspace/install/node_manager/lib/python3.10/site-packages/node_manager-0.0.0-py3.10.egg-info
[4.034s] running install_scripts
[4.076s] Installing node_manager script to /home/andersen/M30-RB_ws/src/Thesis_Workspace/install/node_manager/bin
[4.076s] writing list of installed files to '/home/andersen/M30-RB_ws/src/Thesis_Workspace/build/node_manager/install.log'
[4.132s] Invoked command in '/home/andersen/M30-RB_ws/src/Thesis_Workspace/node_manager' returned '0': PYTHONPATH=/home/andersen/M30-RB_ws/src/Thesis_Workspace/build/node_manager/prefix_override:/home/andersen/M30-RB_ws/src/Thesis_Workspace/install/node_manager/lib/python3.10/site-packages:${PYTHONPATH} /usr/bin/python3 -W ignore:setup.py install is deprecated setup.py egg_info --egg-base ../build/node_manager build --build-base /home/andersen/M30-RB_ws/src/Thesis_Workspace/build/node_manager/build install --record /home/andersen/M30-RB_ws/src/Thesis_Workspace/build/node_manager/install.log --single-version-externally-managed install_data
