running egg_info
creating ../build/srobot_publisher/srobot_publisher.egg-info
writing ../build/srobot_publisher/srobot_publisher.egg-info/PKG-INFO
writing dependency_links to ../build/srobot_publisher/srobot_publisher.egg-info/dependency_links.txt
writing entry points to ../build/srobot_publisher/srobot_publisher.egg-info/entry_points.txt
writing requirements to ../build/srobot_publisher/srobot_publisher.egg-info/requires.txt
writing top-level names to ../build/srobot_publisher/srobot_publisher.egg-info/top_level.txt
writing manifest file '../build/srobot_publisher/srobot_publisher.egg-info/SOURCES.txt'
reading manifest file '../build/srobot_publisher/srobot_publisher.egg-info/SOURCES.txt'
writing manifest file '../build/srobot_publisher/srobot_publisher.egg-info/SOURCES.txt'
running build
running build_py
creating /home/andersen/M30-RB_ws/src/Thesis_Workspace/build/srobot_publisher/build
creating /home/andersen/M30-RB_ws/src/Thesis_Workspace/build/srobot_publisher/build/lib
creating /home/andersen/M30-RB_ws/src/Thesis_Workspace/build/srobot_publisher/build/lib/srobot_publisher
copying srobot_publisher/plotmax.py -> /home/andersen/M30-RB_ws/src/Thesis_Workspace/build/srobot_publisher/build/lib/srobot_publisher
copying srobot_publisher/__init__.py -> /home/andersen/M30-RB_ws/src/Thesis_Workspace/build/srobot_publisher/build/lib/srobot_publisher
copying srobot_publisher/plot.py -> /home/andersen/M30-RB_ws/src/Thesis_Workspace/build/srobot_publisher/build/lib/srobot_publisher
copying srobot_publisher/publisher_node.py -> /home/andersen/M30-RB_ws/src/Thesis_Workspace/build/srobot_publisher/build/lib/srobot_publisher
running install
running install_lib
creating /home/andersen/M30-RB_ws/src/Thesis_Workspace/install/srobot_publisher/lib/python3.10/site-packages/srobot_publisher
copying /home/andersen/M30-RB_ws/src/Thesis_Workspace/build/srobot_publisher/build/lib/srobot_publisher/plotmax.py -> /home/andersen/M30-RB_ws/src/Thesis_Workspace/install/srobot_publisher/lib/python3.10/site-packages/srobot_publisher
copying /home/andersen/M30-RB_ws/src/Thesis_Workspace/build/srobot_publisher/build/lib/srobot_publisher/__init__.py -> /home/andersen/M30-RB_ws/src/Thesis_Workspace/install/srobot_publisher/lib/python3.10/site-packages/srobot_publisher
copying /home/andersen/M30-RB_ws/src/Thesis_Workspace/build/srobot_publisher/build/lib/srobot_publisher/plot.py -> /home/andersen/M30-RB_ws/src/Thesis_Workspace/install/srobot_publisher/lib/python3.10/site-packages/srobot_publisher
copying /home/andersen/M30-RB_ws/src/Thesis_Workspace/build/srobot_publisher/build/lib/srobot_publisher/publisher_node.py -> /home/andersen/M30-RB_ws/src/Thesis_Workspace/install/srobot_publisher/lib/python3.10/site-packages/srobot_publisher
byte-compiling /home/andersen/M30-RB_ws/src/Thesis_Workspace/install/srobot_publisher/lib/python3.10/site-packages/srobot_publisher/plotmax.py to plotmax.cpython-310.pyc
byte-compiling /home/andersen/M30-RB_ws/src/Thesis_Workspace/install/srobot_publisher/lib/python3.10/site-packages/srobot_publisher/__init__.py to __init__.cpython-310.pyc
byte-compiling /home/andersen/M30-RB_ws/src/Thesis_Workspace/install/srobot_publisher/lib/python3.10/site-packages/srobot_publisher/plot.py to plot.cpython-310.pyc
byte-compiling /home/andersen/M30-RB_ws/src/Thesis_Workspace/install/srobot_publisher/lib/python3.10/site-packages/srobot_publisher/publisher_node.py to publisher_node.cpython-310.pyc
running install_data
creating /home/andersen/M30-RB_ws/src/Thesis_Workspace/install/srobot_publisher/share/ament_index
creating /home/andersen/M30-RB_ws/src/Thesis_Workspace/install/srobot_publisher/share/ament_index/resource_index
creating /home/andersen/M30-RB_ws/src/Thesis_Workspace/install/srobot_publisher/share/ament_index/resource_index/packages
copying resource/srobot_publisher -> /home/andersen/M30-RB_ws/src/Thesis_Workspace/install/srobot_publisher/share/ament_index/resource_index/packages
copying package.xml -> /home/andersen/M30-RB_ws/src/Thesis_Workspace/install/srobot_publisher/share/srobot_publisher
running install_egg_info
Copying ../build/srobot_publisher/srobot_publisher.egg-info to /home/andersen/M30-RB_ws/src/Thesis_Workspace/install/srobot_publisher/lib/python3.10/site-packages/srobot_publisher-0.0.0-py3.10.egg-info
running install_scripts
Installing publisher script to /home/andersen/M30-RB_ws/src/Thesis_Workspace/install/srobot_publisher/lib/srobot_publisher
writing list of installed files to '/home/andersen/M30-RB_ws/src/Thesis_Workspace/build/srobot_publisher/install.log'
