[3.339s] Invoking command in '/home/andersen/M30-RB_ws/src/Thesis_Workspace/srobot_publisher': PYTHONPATH=/home/andersen/M30-RB_ws/src/Thesis_Workspace/build/srobot_publisher/prefix_override:/home/andersen/M30-RB_ws/src/Thesis_Workspace/install/srobot_publisher/lib/python3.10/site-packages:${PYTHONPATH} /usr/bin/python3 -W ignore:setup.py install is deprecated setup.py egg_info --egg-base ../build/srobot_publisher build --build-base /home/andersen/M30-RB_ws/src/Thesis_Workspace/build/srobot_publisher/build install --record /home/andersen/M30-RB_ws/src/Thesis_Workspace/build/srobot_publisher/install.log --single-version-externally-managed install_data
[4.253s] running egg_info
[4.256s] creating ../build/srobot_publisher/srobot_publisher.egg-info
[4.257s] writing ../build/srobot_publisher/srobot_publisher.egg-info/PKG-INFO
[4.258s] writing dependency_links to ../build/srobot_publisher/srobot_publisher.egg-info/dependency_links.txt
[4.258s] writing entry points to ../build/srobot_publisher/srobot_publisher.egg-info/entry_points.txt
[4.259s] writing requirements to ../build/srobot_publisher/srobot_publisher.egg-info/requires.txt
[4.260s] writing top-level names to ../build/srobot_publisher/srobot_publisher.egg-info/top_level.txt
[4.261s] writing manifest file '../build/srobot_publisher/srobot_publisher.egg-info/SOURCES.txt'
[4.267s] reading manifest file '../build/srobot_publisher/srobot_publisher.egg-info/SOURCES.txt'
[4.270s] writing manifest file '../build/srobot_publisher/srobot_publisher.egg-info/SOURCES.txt'
[4.270s] running build
[4.271s] running build_py
[4.271s] creating /home/andersen/M30-RB_ws/src/Thesis_Workspace/build/srobot_publisher/build
[4.272s] creating /home/andersen/M30-RB_ws/src/Thesis_Workspace/build/srobot_publisher/build/lib
[4.272s] creating /home/andersen/M30-RB_ws/src/Thesis_Workspace/build/srobot_publisher/build/lib/srobot_publisher
[4.272s] copying srobot_publisher/plotmax.py -> /home/andersen/M30-RB_ws/src/Thesis_Workspace/build/srobot_publisher/build/lib/srobot_publisher
[4.273s] copying srobot_publisher/__init__.py -> /home/andersen/M30-RB_ws/src/Thesis_Workspace/build/srobot_publisher/build/lib/srobot_publisher
[4.274s] copying srobot_publisher/plot.py -> /home/andersen/M30-RB_ws/src/Thesis_Workspace/build/srobot_publisher/build/lib/srobot_publisher
[4.275s] copying srobot_publisher/publisher_node.py -> /home/andersen/M30-RB_ws/src/Thesis_Workspace/build/srobot_publisher/build/lib/srobot_publisher
[4.275s] running install
[4.276s] running install_lib
[4.279s] creating /home/andersen/M30-RB_ws/src/Thesis_Workspace/install/srobot_publisher/lib/python3.10/site-packages/srobot_publisher
[4.280s] copying /home/andersen/M30-RB_ws/src/Thesis_Workspace/build/srobot_publisher/build/lib/srobot_publisher/plotmax.py -> /home/andersen/M30-RB_ws/src/Thesis_Workspace/install/srobot_publisher/lib/python3.10/site-packages/srobot_publisher
[4.281s] copying /home/andersen/M30-RB_ws/src/Thesis_Workspace/build/srobot_publisher/build/lib/srobot_publisher/__init__.py -> /home/andersen/M30-RB_ws/src/Thesis_Workspace/install/srobot_publisher/lib/python3.10/site-packages/srobot_publisher
[4.281s] copying /home/andersen/M30-RB_ws/src/Thesis_Workspace/build/srobot_publisher/build/lib/srobot_publisher/plot.py -> /home/andersen/M30-RB_ws/src/Thesis_Workspace/install/srobot_publisher/lib/python3.10/site-packages/srobot_publisher
[4.281s] copying /home/andersen/M30-RB_ws/src/Thesis_Workspace/build/srobot_publisher/build/lib/srobot_publisher/publisher_node.py -> /home/andersen/M30-RB_ws/src/Thesis_Workspace/install/srobot_publisher/lib/python3.10/site-packages/srobot_publisher
[4.282s] byte-compiling /home/andersen/M30-RB_ws/src/Thesis_Workspace/install/srobot_publisher/lib/python3.10/site-packages/srobot_publisher/plotmax.py to plotmax.cpython-310.pyc
[4.283s] byte-compiling /home/andersen/M30-RB_ws/src/Thesis_Workspace/install/srobot_publisher/lib/python3.10/site-packages/srobot_publisher/__init__.py to __init__.cpython-310.pyc
[4.283s] byte-compiling /home/andersen/M30-RB_ws/src/Thesis_Workspace/install/srobot_publisher/lib/python3.10/site-packages/srobot_publisher/plot.py to plot.cpython-310.pyc
[4.287s] byte-compiling /home/andersen/M30-RB_ws/src/Thesis_Workspace/install/srobot_publisher/lib/python3.10/site-packages/srobot_publisher/publisher_node.py to publisher_node.cpython-310.pyc
[4.288s] running install_data
[4.289s] creating /home/andersen/M30-RB_ws/src/Thesis_Workspace/install/srobot_publisher/share/ament_index
[4.290s] creating /home/andersen/M30-RB_ws/src/Thesis_Workspace/install/srobot_publisher/share/ament_index/resource_index
[4.291s] creating /home/andersen/M30-RB_ws/src/Thesis_Workspace/install/srobot_publisher/share/ament_index/resource_index/packages
[4.292s] copying resource/srobot_publisher -> /home/andersen/M30-RB_ws/src/Thesis_Workspace/install/srobot_publisher/share/ament_index/resource_index/packages
[4.296s] copying package.xml -> /home/andersen/M30-RB_ws/src/Thesis_Workspace/install/srobot_publisher/share/srobot_publisher
[4.296s] running install_egg_info
[4.317s] Copying ../build/srobot_publisher/srobot_publisher.egg-info to /home/andersen/M30-RB_ws/src/Thesis_Workspace/install/srobot_publisher/lib/python3.10/site-packages/srobot_publisher-0.0.0-py3.10.egg-info
[4.317s] running install_scripts
[4.355s] Installing publisher script to /home/andersen/M30-RB_ws/src/Thesis_Workspace/install/srobot_publisher/lib/srobot_publisher
[4.358s] writing list of installed files to '/home/andersen/M30-RB_ws/src/Thesis_Workspace/build/srobot_publisher/install.log'
[4.416s] Invoked command in '/home/andersen/M30-RB_ws/src/Thesis_Workspace/srobot_publisher' returned '0': PYTHONPATH=/home/andersen/M30-RB_ws/src/Thesis_Workspace/build/srobot_publisher/prefix_override:/home/andersen/M30-RB_ws/src/Thesis_Workspace/install/srobot_publisher/lib/python3.10/site-packages:${PYTHONPATH} /usr/bin/python3 -W ignore:setup.py install is deprecated setup.py egg_info --egg-base ../build/srobot_publisher build --build-base /home/andersen/M30-RB_ws/src/Thesis_Workspace/build/srobot_publisher/build install --record /home/andersen/M30-RB_ws/src/Thesis_Workspace/build/srobot_publisher/install.log --single-version-externally-managed install_data
